 240 | Dušan Repovš [7083]
 161 | Sandi Klavžar [5949]
 149 | Bojan Mohar [1931]
 144 | Peter Šemrl [5953]
 120 | Matej Brešar [8721]
 115 | Milan Randić [15106]
 102 | Dragan Marušič [2887]
 101 | Tomaž Pisanski [1941]
  95 | Janez Žerovnik [3430]
  93 | Vicenţiu Rǎdulescu [29964]
  88 | Taras Banakh [31193]
  73 | Dikran N. Dikranjan [28252]
  72 | Franc Forstnerič [9990]
  66 | Joso Vukman [4310]
  63 | Valery Romanovski [20779]
  58 | Josip Globevnik [2301]
  56 | Matjaž Omladič [9573]
  55 | Boštjan Brešar [17005]
  55 | Dragan Stevanović [29820]
  47 | Lev V. Nedorezov [34929]
  44 | Vladimir Batagelj [1467]
  44 | Katarina Košmelj [9085]
  42 | Marko Petkovšek [1935]
  38 | Primož Potočnik [18838]
  35 | Bojan Magajna [1470]
  35 | Aleksander Malnič [2507]
  35 | Tomaž Košir [8398]
  35 | Roman Drnovšek [11709]
  35 | Edward Dobson [34109]
  33 | Janko Gravner [4997]
  33 | Andrej Blejec [6989]
  33 | Sergio Cabello [25993]
  32 | Boris Lavrič [5000]
  31 | Jernej Kozak [3425]
  31 | Borut Zalar [11719]
  28 | Matija Cencelj [3342]
  28 | Bojan Kuzma [18893]
  27 | Igor Klep [22353]
  25 | Aleksandar Jurišić [8724]
  25 | Štefko Miklavič [21656]
  25 | Michael Zarichnyi [31192]
  23 | Sergej Mihajlovič Ageev [15530]
  23 | Irena Kosi-Ulbl [19549]
  22 | Anton Cedilnik [1639]
  22 | Srečko Devjak [3958]
  22 | Jaka Cimprič [15127]
  22 | Alenka Kavkler [18866]
  22 | Primož Moravec [20268]
  22 | Roman Nedela [27776]
  21 | Blaž Zmazek [15571]
  21 | Klavdija Kutnar [24997]
  21 | Irina Cristea [34686]
  20 | Maja Fošner [20272]
  19 | Martin Juvan [11220]
  19 | Jurij Vladimirovič Muranov [15532]
  18 | Vito Lampret [2113]
  18 | Jože Malešič [5485]
  18 | Miran Černe [8722]
  18 | Damijana Kastelec [10689]
  18 | Gregor Dolinar [18750]
  18 | Gašper Jaklič [20271]
  18 | Ajda Fošner [23005]
  18 | Simon Špacapan [24904]
  17 | Uroš Milutinović [8727]
  17 | Petar Pavešić [10768]
  17 | Bor Plestenjak [15136]
  17 | Janko Bračič [19511]
  17 | Ganna Kudryavtseva [30109]
  16 | Marko Razpet [3231]
  16 | Neža Mramor Kosta [8947]
  16 | Mateja Šajna [13432]
  16 | Andrej Bauer [15854]
  16 | István Kovács [25997]
  15 | Janez Bernik [12040]
  15 | Primož Šparl [23341]
  14 | Jože Jesenko [4067]
  14 | Janez Mrčun [11686]
  14 | Gašper Fijavž [16332]
  14 | Petra Žigert [18504]
  14 | Iztok Peterin [20839]
  13 | Marko Lovrečič Saražin [755]
  13 | Milan Hladnik [3429]
  13 | Mitja Lakner [3533]
  13 | Aleksej Turnšek [12191]
  13 | Emil Žagar [19886]
  13 | Drago Bokal [22402]
  13 | Matjaž Kovše [25571]
  12 | Dušan Pagon [4588]
  12 | Edvard Kramar [5484]
  12 | Tatjana Petek [7680]
  12 | Alenka Lipovec [13351]
  12 | Matjaž Željko [13651]
  12 | Dušica Boben [13789]
  12 | Arjana Žitnik [14273]
  12 | Marjetka Krajnc [23467]
  12 | Friedrich Hegenbarth [28253]
  12 | Cui Zhang [29597]
  11 | Matevž Bren [2017]
  11 | Gorazd Lešnjak [7082]
  11 | Miklavž Mastinšek [8173]
  11 | Marjeta Kramar Fijavž [20037]
  11 | Andrej Kastrin [26484]
  10 | Bojan Orel [9634]
  10 | Mihael Perman [10013]
  10 | Barbara Šket Motnikar [10364]
  10 | Damjana Kokol-Bukovšek [12190]
  10 | Anamarija Borštnik [15839]
  10 | Mitja Mastnak [19361]
  10 | Daniel Eremita [19550]
  10 | Iztok Banič [23201]
  10 | Manca Jesenko [23391]
  10 | Martin Milanič [30211]
  10 | Lyubomyr Zdomskyy [31487]
   9 | Peter Petek [725]
   9 | Jože Petrišič [5474]
   9 | Sašo Strle [13431]
   9 | David Dolžan [16331]
   9 | Rok Strašek [17808]
   9 | Matej Mencinger [17809]
   9 | Aleš Vavpetič [18839]
   9 | Aleksandar Mijatović [19420]
   9 | Karin Cvetko-Vah [20267]
   9 | Petra Šparl [20495]
   9 | Vito Vitrih [27559]
   8 | Drago Čepar [1857]
   8 | Jože Nemec [2923]
   8 | Marjeta Škapin-Rugelj [4640]
   8 | Mirko Dobovišek [5478]
   8 | Dušan Hvalica [7565]
   8 | Boris Zgrablić [11687]
   7 | Borut Jurčič-Zlobec [2115]
   7 | Milan Kutnjak [5562]
   7 | Damjan Kobal [5951]
   7 | Bojan Hvala [6084]
   7 | Pavle Saksida [8728]
   7 | Barbara Drinovec-Drnovšek [15126]
   7 | Oliver Dragičević [19285]
   7 | Dominik Benkovič [19551]
   7 | Jasna Prezelj-Perman [20821]
   7 | Matjaž Konvalinka [22401]
   7 | Melita Hajdinjak [22479]
   7 | Aleksandra Tepeh [23904]
   6 | Dorjan Marušič [3534]
   6 | Andreja Prijatelj [5954]
   6 | Helena Šmigoc [20384]
   6 | Jaka Smrekar [21969]
   6 | Polona Oblak [22723]
   6 | Janko Marovt [23340]
   6 | Dejan Velušček [23962]
   6 | Janja Jerebic [24751]
   6 | Marko Orel [25610]
   5 | Thomas W. Tucker [11717]
   5 | Simona Korenjak-Černe [12303]
   5 | Gregor Cigler [13430]
   5 | Marjan Dovč [15170]
   5 | Tatjana Hodnik Čadež [17009]
   5 | Anita Buckley [19250]
   5 | Aljaž Ule [28229]
   5 | Tomaž Kramberger [29196]
   4 | Peter Legiša [2297]
   4 | Marko Kranjc [3435]
   4 | Matija Lokar [5952]
   4 | Darko Medved [11726]
   4 | Tomaž Slivnik [12207]
   4 | Jože Benčina [14402]
   4 | Igor Đukanović [15313]
   4 | Marko Slapar [18171]
   4 | Iztok Kavkler [20269]
   4 | Nika Novak [24184]
   4 | Aljoša Peperko [24328]
   4 | Gabriel Verret [28586]
   3 | Zvonimir Bohte [158]
   3 | Jože Lep [3025]
   3 | Svitan Gaborovič [3781]
   3 | Aleksander Simonič [7078]
   3 | Darja Govekar-Leban [10587]
   3 | Matjaž Kaufman [11392]
   3 | Jože Marinček [13429]
   3 | Nataša Žabkar [14073]
   3 | Bojana Zalar [16201]
   3 | Marjan Jerman [19600]
   3 | Helena Zakrajšek [21773]
   3 | Tadeja Kraner Šumenjak [22648]
   3 | Dejan Kolarič [23466]
   3 | Andrej Vodopivec [24049]
   3 | Sanja Fidler [24057]
   3 | Tomaž Kosem [24329]
   3 | Žiga Virk [26522]
   3 | Luka Kronegger [28074]
   3 | Borut Lužar [31670]
   2 | Anton Suhadolc [204]
   2 | Egon Zakrajšek [213]
   2 | Jože Vrabec [724]
   2 | Tomislav Žitko [2717]
   2 | Božidar Brudar [2762]
   2 | Aleš Založnik [7081]
   2 | Igor Kukavica [8326]
   2 | Jure Škarabot [11320]
   2 | Martin Raič [15851]
   2 | Leonida Oberš [16127]
   2 | Danijela Tuljak Suban [21328]
   2 | Boštjan Kuzman [23501]
   2 | Gašper Koren [23809]
   2 | Martin Vuk [23987]
   2 | Jure Kališnik [25607]
   2 | Irena Majcen [26532]
   2 | Melita Gorše Pihler [27936]
   2 | Andrej Muhič [28582]
   2 | Klemen Šivic [28585]
   2 | Rok Erman [29585]
   2 | Jerneja Šifrer [29662]
   2 | Rija Erveš [29665]
   2 | Mateja Grašič [29707]
   2 | Marko Jakovac [29919]
   2 | Maja Čevnik [30824]
   2 | Mateja Prešern [31221]
   2 | Primož Škraba [32381]
   1 | Bogdan Krušič [219]
   1 | Gabrijel Tomšič [2303]
   1 | Andrej Kmet [2506]
   1 | France Dacar [2590]
   1 | Dušan Fajfar [10075]
   1 | Janez Aleš [12066]
   1 | Gorazd Noč [12229]
   1 | Lidija Čadež [13843]
   1 | Matjaž Zaveršnik [15137]
   1 | Diego Klabjan [15517]
   1 | Gregor Šega [18170]
   1 | Bojan Gornik [20977]
   1 | Darja Rupnik Poklukar [21774]
   1 | Jernej Tonejc [22354]
   1 | Gorazd Brumen [23465]
   1 | Sonja Ratej Pirkovič [24104]
   1 | Tadej Starčič [24330]
   1 | Peter Kink [24815]
   1 | Andrej Rupar [24892]
   1 | Boštjan Frelih [24999]
   1 | Gregor Jerše [25594]
   1 | Andrej Perne [28254]
   1 | Kristijan Cafuta [28255]
   1 | Matej Zajec [28580]
   1 | Nina Žvan [28723]
   1 | Eva Berdajs [29018]
   1 | Marko Kandić [29584]
   1 | Kristijan Breznik [30604]
   1 | Gašper Mekiš [30823]
   1 | Uroš Kuzman [30829]
   1 | Janoš Vidali [30920]
   1 | Matevž Črepnjak [31096]
   1 | Peter Nose [31355]
   1 | Nik Stopar [32023]
   1 | Kris Stopar [32027]
   1 | Tanja Gologranc [32028]
   1 | Matej Merhar [32248]
   1 | Matjaž Krnc [34562]
