# creates real matrix A represented by class Matrix
# prints out type and representations of real matrix A
<class '__main__.Matrix'>
Matrix(5, 4, [[0.42539681912898064, 0.94621876058396, 0.45340700754698493, 0.45261273142566383], [0.24494474210275252, 0.3618501140956444, 0.5382468129026292, 0.7673009343722931], [0.6750806295917173, 0.9900532985199669, 0.2799107676324354, 0.7662389878846516], [0.1982074359735193, 0.7834667579748661, 0.5510198093816979, 0.5948674820584338], [0.011071822775156726, 0.5284207449076906, 0.2372787607499668, 0.8342549638958399]])
|  0.43  0.95  0.45  0.45 |
|  0.24  0.36  0.54  0.77 |
|  0.68  0.99  0.28  0.77 |
|  0.20  0.78  0.55  0.59 |
|  0.01  0.53  0.24  0.83 |

# prints out standard properties of real matrix A
5
4
(5, 4)
2.645706733900534
'Matrix' object has no attribute 'get_trace'
# tests real matrix A getter and setter functions
[0.42539681912898064, 0.94621876058396, 0.45340700754698493, 0.45261273142566383]
0.94621876058396
MatrixException: matrix and vector dimensions mismatch
[0, 1, 2, 0.588929273241452]
[0, 0.8985361190818093, 2, 0.588929273241452]
# tests matrix A addition operator and function
|  0.04  0.52  0.23  0.81 |
|  0.75  0.89  0.65  0.86 |
|  0.19  0.58  0.87  0.69 |
|  0.66  0.30  0.28  0.81 |
|  0.81  0.97  0.22  0.56 |

|  0.04  1.41  2.23  1.40 |
|  1.00  1.25  1.19  1.63 |
|  0.87  1.57  1.15  1.45 |
|  0.86  1.08  0.83  1.41 |
|  0.82  1.50  0.46  1.39 |

|  0.04  1.41  2.23  1.40 |
|  1.00  1.25  1.19  1.63 |
|  0.87  1.57  1.15  1.45 |
|  0.86  1.08  0.83  1.41 |
|  0.82  1.50  0.46  1.39 |

# tests matrix A multiplication operator and function
|  0.70  0.00  0.32  0.16  0.11 |
|  0.75  0.98  0.38  0.30  0.34 |
|  0.48  0.02  0.05  0.77  0.00 |
|  0.62  0.87  0.67  0.78  0.67 |

|  7.64  6.95  6.51  7.11  6.21 |
|  7.61  6.93  6.49  7.09  6.19 |
|  7.58  6.90  6.46  7.06  6.16 |
|  6.73  6.05  5.60  6.20  5.30 |
|  6.71  6.03  5.58  6.18  5.28 |

|  7.64  6.95  6.51  7.11  6.21 |
|  7.61  6.93  6.49  7.09  6.19 |
|  7.58  6.90  6.46  7.06  6.16 |
|  6.73  6.05  5.60  6.20  5.30 |
|  6.71  6.03  5.58  6.18  5.28 |

# creates real square matrix S represented by class Square
# prints out type and representations of square matrix S
<class '__main__.Square'>
Square(4, [[0.34034897159472255, 0.7663842306582592, 0.14439123264843, 0.9529164847403313], [0.3435312553969939, 0.278002527403701, 0.6163764714038966, 0.16534877827895544], [0.521078572637145, 0.7163081298360789, 0.08336864105958841, 0.5373363682917025], [0.6715506269589938, 0.13427535015797443, 0.2471735462870499, 0.09463984230322198]])
|  0.34  0.77  0.14  0.95 |
|  0.34  0.28  0.62  0.17 |
|  0.52  0.72  0.08  0.54 |
|  0.67  0.13  0.25  0.09 |

# prints out standard properties of square matrix S
4
(4, 4)
1.9631613949890125
0.796359982361234
# creates real triangular matrix T represented by class Triangular
# prints out type and representations of triangular matrix T
<class '__main__.Triangular'>
Triangular(3, [[0.8233929899641086, 0.674156969537738, 0.007529236693429087], [0, 0.8493257165664563, 0.42192924956662026], [0, 0, 0.4877201285449919]])
|  0.82  0.67  0.01 |
|  0.00  0.85  0.42 |
|  0.00  0.00  0.49 |

# prints out standard properties of triangular matrix T
3
(3, 3)
1.5065754920190513
2.160438835075557
# creates identity matrix I represented by class Identity
# prints out type and representations of identity matrix I
<class '__main__.Identity'>
Identity(4, [[1, 0, 0, 0], [0, 1, 0, 0], [0, 0, 1, 0], [0, 0, 0, 1]])
|  1.00  0.00  0.00  0.00 |
|  0.00  1.00  0.00  0.00 |
|  0.00  0.00  1.00  0.00 |
|  0.00  0.00  0.00  1.00 |

# prints out standard properties of identity matrix I
4
(4, 4)
2.0
4
# tests identity matrix I getter and setter functions
[1, 0, 0, 0]
0
Exception: unsupported operation for this class
# creates real vector x represented by class Vector
# prints out type and representations of real vector x
<class '__main__.Vector'>
Vector(5, [0.9502055752227668, 0.5235908068237085, 0.07918936988374625, 0.1418459002357424, 0.7618842950057659])
|  0.95 |
|  0.52 |
|  0.08 |
|  0.14 |
|  0.76 |

# prints out standard properties of real vector x
5
5
(5, 1)
1.3356260190889653
1.0
# tests real vector x getter and setter functions
0.7114308658578732
0.8248839771768928
# tests vector x addition operator and function
|  0.94 |
|  0.20 |
|  0.01 |
|  0.42 |
|  0.40 |

|  1.77 |
|  0.59 |
|  0.07 |
|  0.53 |
|  0.97 |

|  1.77 |
|  0.59 |
|  0.07 |
|  0.53 |
|  0.97 |

# tests vector x multiplication operator and function
2.3918648692741913
2.3918648692741913
|  1.66 |
|  0.12 |
|  0.00 |
|  0.22 |
|  0.38 |

# creates indicator vector i represented by class Indicator
# prints out type and representations of indicator vector i
<class '__main__.Indicator'>
Indicator(5, [0, 0, 1, 0, 0])
|  0.00 |
|  0.00 |
|  1.00 |
|  0.00 |
|  0.00 |

# prints out standard properties of indicator vector i
5
5
(5, 1)
1.0
# tests matrix A multiplication by vector operator
| 17.52 |
| 17.46 |
| 17.39 |
| 15.34 |
| 15.29 |

| 14.15 |
| 14.11 |
| 14.05 |
| 12.36 |
| 12.32 |

