Graph named 'toy' with 5 nodes and 5 edges
[1, 2, 'foo', 'bar', 'baz']
[(1, {}), (2, {'label': 'John Doe'}), ('foo', {'cluster': 1}), ('bar', {'value': 13.7}), ('baz', {})]
[(1, 2), (1, 'foo'), (2, 'foo'), ('foo', 'bar'), ('foo', 'baz')]
[(1, 2, {}), (1, 'foo', {'weight': 1.0}), (2, 'foo', {'weight': 2.0}), ('foo', 'bar', {}), ('foo', 'baz', {})]
[1, 2, 'bar', 'baz']
{1: {'weight': 1.0}, 2: {'weight': 2.0}, 'bar': {}, 'baz': {}}
[('foo', 1, {'weight': 1.0}), ('foo', 2, {'weight': 2.0}), ('foo', 'bar', {}), ('foo', 'baz', {})]
{'cluster': 1}
4
5
5
[(1, 2), (2, 2), ('foo', 4), ('bar', 1), ('baz', 1)]
Graph named 'toy' with 4 nodes and 2 edges
DiGraph named 'toy' with 4 nodes and 5 edges
[(2, 'foo'), ('foo', 2), ('foo', 'bar'), ('foo', 'baz'), ('bar', 'foo')]
[2, 'bar', 'baz']
[2, 'bar']
[2, 'bar', 'baz']
MultiGraph named 'toy' with 4 nodes and 3 edges
[(2, 'foo'), ('foo', 'bar'), ('foo', 'bar')]
[2, 'bar']
{2: {0: {'weight': 2.0}}, 'bar': {0: {}, 1: {'label': 'new'}}}
[('foo', 2, {'weight': 2.0}), ('foo', 'bar', {}), ('foo', 'bar', {'label': 'new'})]
Graph with 100 nodes and 250 edges
MultiGraph with 62 nodes and 159 edges
[(0, {'id': '1', 'label': 'Beak'}), (1, {'id': '2', 'label': 'Beescratch'}), (2, {'id': '3', 'label': 'Bumper'}), (3, {'id': '4', 'label': 'CCL'}), (4, {'id': '5', 'label': 'Cross'}), (5, {'id': '6', 'label': 'DN16'}), (6, {'id': '7', 'label': 'DN21'}), (7, {'id': '8', 'label': 'DN63'}), (8, {'id': '9', 'label': 'Double'}), (9, {'id': '10', 'label': 'Feather'}), (10, {'id': '11', 'label': 'Fish'}), (11, {'id': '12', 'label': 'Five'}), (12, {'id': '13', 'label': 'Fork'}), (13, {'id': '14', 'label': 'Gallatin'}), (14, {'id': '15', 'label': 'Grin'}), (15, {'id': '16', 'label': 'Haecksel'}), (16, {'id': '17', 'label': 'Hook'}), (17, {'id': '18', 'label': 'Jet'}), (18, {'id': '19', 'label': 'Jonah'}), (19, {'id': '20', 'label': 'Knit'}), (20, {'id': '21', 'label': 'Kringel'}), (21, {'id': '22', 'label': 'MN105'}), (22, {'id': '23', 'label': 'MN23'}), (23, {'id': '24', 'label': 'MN60'}), (24, {'id': '25', 'label': 'MN83'}), (25, {'id': '26', 'label': 'Mus'}), (26, {'id': '27', 'label': 'Notch'}), (27, {'id': '28', 'label': 'Number1'}), (28, {'id': '29', 'label': 'Oscar'}), (29, {'id': '30', 'label': 'Patchback'}), (30, {'id': '31', 'label': 'PL'}), (31, {'id': '32', 'label': 'Quasi'}), (32, {'id': '33', 'label': 'Ripplefluke'}), (33, {'id': '34', 'label': 'Scabs'}), (34, {'id': '35', 'label': 'Shmuddel'}), (35, {'id': '36', 'label': 'SMN5'}), (36, {'id': '37', 'label': 'SN100'}), (37, {'id': '38', 'label': 'SN4'}), (38, {'id': '39', 'label': 'SN63'}), (39, {'id': '40', 'label': 'SN89'}), (40, {'id': '41', 'label': 'SN9'}), (41, {'id': '42', 'label': 'SN90'}), (42, {'id': '43', 'label': 'SN96'}), (43, {'id': '44', 'label': 'Stripes'}), (44, {'id': '45', 'label': 'Thumper'}), (45, {'id': '46', 'label': 'Topless'}), (46, {'id': '47', 'label': 'TR120'}), (47, {'id': '48', 'label': 'TR77'}), (48, {'id': '49', 'label': 'TR82'}), (49, {'id': '50', 'label': 'TR88'}), (50, {'id': '51', 'label': 'TR99'}), (51, {'id': '52', 'label': 'Trigger'}), (52, {'id': '53', 'label': 'TSN103'}), (53, {'id': '54', 'label': 'TSN83'}), (54, {'id': '55', 'label': 'Upbang'}), (55, {'id': '56', 'label': 'Vau'}), (56, {'id': '57', 'label': 'Wave'}), (57, {'id': '58', 'label': 'Web'}), (58, {'id': '59', 'label': 'Whitetip'}), (59, {'id': '60', 'label': 'Zap'}), (60, {'id': '61', 'label': 'Zig'}), (61, {'id': '62', 'label': 'Zipfel'})]
