
         ... | LNA
        Date | 3/19/21 11:39 PM

         ... | GRAPH

     Network | 'smallworld'
       Graph | '---' (array)
       Nodes | 1,000 (0)
       Edges | 5,000 (0)

        WCCs | 1 (100.0%)
     Bow-tie | 100% (0%, 0%)
    Distance | 50.45 [1, 90]

      Degree | 10.00 (5, 5)
  Scale-free | NaN (NaN, NaN)
 Assortative | NaN (NaN, NaN)
  Complexity | 6.91 (61.25)

  Clustering | 0.67 (0.7500)
  Modularity | 0.73 (87)
     Cluster | 0.78 (1,000)

        Time | 0.22 sec
      Memory | 0.03 GB

         ... | COMPARE

        Runs | 25

      Mixing | Cluster Distance
     0.00000 |  0.667    50.45
     0.00010 |  0.667    48.55
     0.00100 |  0.665    28.13
     0.01000 |  0.648     8.89
     0.10000 |  0.495     4.39
     0.25000 |  0.295     3.70
     0.50000 |  0.093     3.38
     1.00000 |  0.010     3.27

        Time | 2.17 min
      Memory | 0.40 GB

         ... | LNA

        Time | 2.18 min
      Memory | 0.40 GB
