
         ... | LNA
        Date | 3/11/20 6:13 PM

         ... | INPUT

     Network | 'price'
       Graph | '-->' (list)
       Nodes | 1,000,000 (0)
       Edges | 7,999,964 (0)
      Degree | 16.00 (68604, 8)

        Time | 6.94 sec
      Memory | 0.53 GB

         ... | GRAPH

     Network | 'price'
       Graph | '-->' (array)
       Nodes | 1,000,000 (0)
       Edges | 7,999,964 (0)
      Degree | 16.00 (68604, 8)

        Time | 1.68 sec
      Memory | 0.80 GB

         ... | ANALYSE

     Network | 'price'
       Graph | '-->' (array)
       Nodes | 1,000,000 (0)
       Edges | 7,999,964 (0)

        WCCs | 1 (100.0%)
     Bow-tie | 73% (0%, 27%)
    Distance | 3.62 [1, 5]

      Degree | 16.00 (68604, 8)
  Scale-free | 2.56 (2.42, NaN)
 Assortative | -0.02 (0.06, 0.01)
  Complexity | 13.19 (1811.35)

  Clustering | 0.00 (0.0000)
  Modularity | 0.00 (6,538)
     Cluster | 0.00 (1)

        Time | 3.46 min
      Memory | 1.47 GB

         ... | INPUT

     Network | 'barabasi'
       Graph | '---' (list)
       Nodes | 1,000,000 (0)
       Edges | 7,999,964 (0)
      Degree | 16.00 (8249, 8)

        Time | 7.93 sec
      Memory | 1.89 GB

         ... | GRAPH

     Network | 'barabasi'
       Graph | '---' (array)
       Nodes | 1,000,000 (0)
       Edges | 7,999,964 (0)
      Degree | 16.00 (8249, 8)

        Time | 1.61 sec
      Memory | 1.94 GB

         ... | ANALYSE

     Network | 'barabasi'
       Graph | '---' (array)
       Nodes | 1,000,000 (0)
       Edges | 7,999,964 (0)

        WCCs | 1 (100.0%)
     Bow-tie | 80% (0%, 20%)
    Distance | 4.32 [1, 5]

      Degree | 16.00 (8249, 8)
  Scale-free | 2.98 (2.80, NaN)
 Assortative | -0.00 (0.17, 0.03)
  Complexity | 13.48 (1872.30)

  Clustering | 0.00 (0.0000)
  Modularity | 0.09 (276,708)
     Cluster | 0.00 (1)

        Time | 3.57 min
      Memory | 0.99 GB

         ... | GRAPH

     Network | 'scalefree'
       Graph | '-->' (array)
       Nodes | 1,000,000 (0)
       Edges | 7,999,964 (0)
      Degree | 16.00 (48791, 8)

        Time | 5.33 sec
      Memory | 1.82 GB

         ... | COMPARE

        Runs | 25

       a (c) | 2+a/c  Gamma
    0.08 (8) | 2.010  2.198
    2.64 (8) | 2.330  2.504
    5.28 (8) | 2.660  2.745
    8.00 (8) | 3.000  2.948
   16.00 (8) | 4.000  3.360
   24.00 (8) | 5.000  3.618

        Time | 9.06 min
      Memory | 5.72 GB

         ... | LNA

        Time | 16.5 min
      Memory | 5.72 GB
