java
toy
cdn_java
dolphins
american_football
karate_club
social
cdn_jung
highways
lucene
southern_women
random_1
small_world_1
scale_free_1
random_2
small_world_2
scale_free_2
random_3
small_world_3
scale_free_3
portrait 0 1 0.9969195970055083
portrait 0 2 0.972872827035054
portrait 0 3 0.9903087628496063
portrait 0 4 0.9935040579479391
portrait 0 5 0.9911220218058194
portrait 0 6 0.9922729615726262
portrait 0 7 0.9772523477517014
portrait 0 8 0.996943107495175
portrait 0 9 0.9911160419542595
portrait 0 10 0.9895396910768517
portrait 0 11 0.9899675433995142
portrait 0 12 0.9643573379282617
portrait 0 13 0.9821933964490404
portrait 0 14 0.9902069303594538
portrait 0 15 0.964447966742054
portrait 0 16 0.9823430158903362
portrait 0 17 0.9906836902673419
portrait 0 18 0.9620735741419544
portrait 0 19 0.9833204726812442
portrait 1 2 0.995561161456483
portrait 1 3 0.9170134305528366
portrait 1 4 0.9715488260107844
portrait 1 5 0.8378694762479796
portrait 1 6 0.998539292321067
portrait 1 7 0.9725817174143467
portrait 1 8 0.8970400118929784
portrait 1 9 0.9958239891992351
portrait 1 10 0.8685832238849126
portrait 1 11 0.9949751621543917
portrait 1 12 0.9951773028070596
portrait 1 13 0.9951773028070596
portrait 1 14 0.9949215761931529
portrait 1 15 0.9951773028070596
portrait 1 16 0.9951773028070596
portrait 1 17 0.9949246108450369
portrait 1 18 0.9951773028070596
portrait 1 19 0.9951773028070595
portrait 2 3 0.985175258481278
portrait 2 4 0.9886967686357533
portrait 2 5 0.9874330872690491
portrait 2 6 0.9886529631192995
portrait 2 7 0.9534229995742425
portrait 2 8 0.99567224945645
portrait 2 9 0.9834396136388917
portrait 2 10 0.9849705241423994
portrait 2 11 0.9845932776621645
portrait 2 12 0.9488563476151954
portrait 2 13 0.9715716867278278
portrait 2 14 0.9852918135534412
portrait 2 15 0.9487559599845954
portrait 2 16 0.9725140720687101
portrait 2 17 0.9848103457899932
portrait 2 18 0.944397481622022
portrait 2 19 0.9702267191046909
portrait 3 4 0.8893397250380184
portrait 3 5 0.5741385074524752
portrait 3 6 0.9937143226541283
portrait 3 7 0.9112361701649958
portrait 3 8 0.9403746276337068
portrait 3 9 0.9876408904868796
portrait 3 10 0.6105948429123063
portrait 3 11 0.9763269090724009
portrait 3 12 0.9542627149832654
portrait 3 13 0.9800163748945661
portrait 3 14 0.9757899390941756
portrait 3 15 0.9540011606502072
portrait 3 16 0.9794873076484278
portrait 3 17 0.9749004994953177
portrait 3 18 0.954658574170161
portrait 3 19 0.9795711683227569
portrait 4 5 0.9269296499674702
portrait 4 6 0.994334524025676
portrait 4 7 0.893412134884209
portrait 4 8 0.976981082625239
portrait 4 9 0.9880456833577687
portrait 4 10 0.9333005435832498
portrait 4 11 0.9689420329762464
portrait 4 12 0.9220367398048238
portrait 4 13 0.9789727664838046
portrait 4 14 0.9683753207010177
portrait 4 15 0.9234766894489868
portrait 4 16 0.976277308471685
portrait 4 17 0.9665669422317381
portrait 4 18 0.9228001017569061
portrait 4 19 0.9783302287246622
portrait 5 6 0.9959561522057452
portrait 5 7 0.9252121171979151
portrait 5 8 0.9405031003723188
portrait 5 9 0.9905926505459991
portrait 5 10 0.508886681680891
portrait 5 11 0.9833511120523153
portrait 5 12 0.9631126543062817
portrait 5 13 0.9849263716027457
portrait 5 14 0.9836106541062879
portrait 5 15 0.9620780039508896
portrait 5 16 0.9855575257188673
portrait 5 17 0.9832203858969721
portrait 5 18 0.9619285089506775
portrait 5 19 0.9850986284129006
portrait 6 7 0.9788089314913582
portrait 6 8 0.9962139785894351
portrait 6 9 0.9125558109768888
portrait 6 10 0.9965296369131189
portrait 6 11 0.9541289239048785
portrait 6 12 0.9616682006853535
portrait 6 13 0.9658401025467191
portrait 6 14 0.9543376019781159
portrait 6 15 0.9622950119044665
portrait 6 16 0.9653042396838035
portrait 6 17 0.9535956800148322
portrait 6 18 0.9608630032219632
portrait 6 19 0.9660521737689952
portrait 7 8 0.9709622447386087
portrait 7 9 0.9571421219162531
portrait 7 10 0.9385636076206045
portrait 7 11 0.938979198733853
portrait 7 12 0.8482181023605468
portrait 7 13 0.9020765248043712
portrait 7 14 0.9399346596511642
portrait 7 15 0.8476155733963258
portrait 7 16 0.9069376789373134
portrait 7 17 0.9391147149023802
portrait 7 18 0.8466535675934078
portrait 7 19 0.9041731994275315
portrait 8 9 0.9918989934620155
portrait 8 10 0.9527006587492368
portrait 8 11 0.9947332373179725
portrait 8 12 0.9950339945602953
portrait 8 13 0.9970879589899962
portrait 8 14 0.9942059771272327
portrait 8 15 0.9949568424039883
portrait 8 16 0.9971734892356081
portrait 8 17 0.9939726879551114
portrait 8 18 0.9956672024161929
portrait 8 19 0.9971898810435029
portrait 9 10 0.9913250181473507
portrait 9 11 0.8628383740824423
portrait 9 12 0.8638382352119502
portrait 9 13 0.8699432622917989
portrait 9 14 0.8583058185387644
portrait 9 15 0.8695588002334655
portrait 9 16 0.8654961661006496
portrait 9 17 0.8595517349491566
portrait 9 18 0.8690948305039246
portrait 9 19 0.8694415302746215
portrait 10 11 0.9812665454013132
portrait 10 12 0.9810942771126661
portrait 10 13 0.9819114763737524
portrait 10 14 0.9814243711038404
portrait 10 15 0.979737073661799
portrait 10 16 0.9819494878472366
portrait 10 17 0.9817217813808496
portrait 10 18 0.981014185166814
portrait 10 19 0.9822906207282707
portrait 11 12 0.7646304833679459
portrait 11 13 0.6094869792772443
portrait 11 14 0.17264015661981202
portrait 11 15 0.7621208858678319
portrait 11 16 0.5922247553923945
portrait 11 17 0.17867841153141029
portrait 11 18 0.7501258405923275
portrait 11 19 0.633915348016292
portrait 12 13 0.8863150884111739
portrait 12 14 0.7598901115537422
portrait 12 15 0.09953914084663171
portrait 12 16 0.8769464026726146
portrait 12 17 0.7582552992456679
portrait 12 18 0.10595214161989719
portrait 12 19 0.8897956621396503
portrait 13 14 0.6275299939011574
portrait 13 15 0.8846259168524575
portrait 13 16 0.19499287284998007
portrait 13 17 0.6155749065868918
portrait 13 18 0.885414039818432
portrait 13 19 0.17431149500591597
portrait 14 15 0.7641330092490999
portrait 14 16 0.6062195285680565
portrait 14 17 0.1757693825594565
portrait 14 18 0.750889703132998
portrait 14 19 0.648809046768269
portrait 15 16 0.8813978504618003
portrait 15 17 0.7619759468488958
portrait 15 18 0.11597719323417692
portrait 15 19 0.8915533271387175
portrait 16 17 0.5971140832879493
portrait 16 18 0.8814865695295173
portrait 16 19 0.18217049266363525
portrait 17 18 0.7474545181698292
portrait 17 19 0.6310315296821326
portrait 18 19 0.8899866739222335
dmeasure 0 1 0.3947382205338611
dmeasure 0 2 0.050192603309618715
dmeasure 0 3 0.3193633321792943
dmeasure 0 4 0.31542916920162867
dmeasure 0 5 0.23115505789627197
dmeasure 0 6 0.49111905605998624
dmeasure 0 7 0.3765631890232144
dmeasure 0 8 0.4927493069506025
dmeasure 0 9 0.40156924936489957
dmeasure 0 10 0.2546574932238136
dmeasure 0 11 0.434596544718253
dmeasure 0 12 0.515668668179029
dmeasure 0 13 0.35977732634801757
dmeasure 0 14 0.43673568725063755
dmeasure 0 15 0.5166792409501592
dmeasure 0 16 0.35787663414207715
dmeasure 0 17 0.43473274077974344
dmeasure 0 18 0.514046697916002
dmeasure 0 19 0.35817610972703706
dmeasure 1 2 0.37937721525431156
dmeasure 1 3 0.344933565813211
dmeasure 1 4 0.4468249689280758
dmeasure 1 5 0.30694159557931583
dmeasure 1 6 0.33544623345699653
dmeasure 1 7 0.33508289626797155
dmeasure 1 8 0.32562791359612603
dmeasure 1 9 0.36591037299761764
dmeasure 1 10 0.34106475361936733
dmeasure 1 11 0.5264567404230975
dmeasure 1 12 0.46398209743840346
dmeasure 1 13 0.4815677081598704
dmeasure 1 14 0.5279241543169345
dmeasure 1 15 0.4648560611878074
dmeasure 1 16 0.48006937958934315
dmeasure 1 17 0.5259818419075972
dmeasure 1 18 0.46733077992849026
dmeasure 1 19 0.48159485610075203
dmeasure 2 3 0.31413378346598875
dmeasure 2 4 0.2981132008554828
dmeasure 2 5 0.19501327817776906
dmeasure 2 6 0.4872569938215715
dmeasure 2 7 0.34927500206309553
dmeasure 2 8 0.5034816985463682
dmeasure 2 9 0.3748801703227052
dmeasure 2 10 0.24332752972561972
dmeasure 2 11 0.4239267610590947
dmeasure 2 12 0.5194162967885326
dmeasure 2 13 0.34491571742998783
dmeasure 2 14 0.42619189288165077
dmeasure 2 15 0.5204518587192747
dmeasure 2 16 0.3430238869309058
dmeasure 2 17 0.4241524368080439
dmeasure 2 18 0.5174871679216536
dmeasure 2 19 0.343166481867193
dmeasure 3 4 0.2828019781099057
dmeasure 3 5 0.19965536486402996
dmeasure 3 6 0.39162931157135156
dmeasure 3 7 0.17284978384830726
dmeasure 3 8 0.4334251490856145
dmeasure 3 9 0.19250277562604395
dmeasure 3 10 0.21679543939564005
dmeasure 3 11 0.2920042646271705
dmeasure 3 12 0.2902483046773544
dmeasure 3 13 0.2630298197321669
dmeasure 3 14 0.29325633246824884
dmeasure 3 15 0.292001168888729
dmeasure 3 16 0.2614177825755353
dmeasure 3 17 0.28989459346829394
dmeasure 3 18 0.2891975756565045
dmeasure 3 19 0.26443667301942425
dmeasure 4 5 0.22481318676188508
dmeasure 4 6 0.5552245685359023
dmeasure 4 7 0.39387004464076475
dmeasure 4 8 0.5047484340027004
dmeasure 4 9 0.42343869326832806
dmeasure 4 10 0.14421650777816242
dmeasure 4 11 0.22212979341373879
dmeasure 4 12 0.3851338223072977
dmeasure 4 13 0.1876009967403683
dmeasure 4 14 0.22262470604730114
dmeasure 4 15 0.38456111742807797
dmeasure 4 16 0.1885294400933867
dmeasure 4 17 0.22374130781110488
dmeasure 4 18 0.382029526737952
dmeasure 4 19 0.18401444325393798
dmeasure 5 6 0.4633615973330737
dmeasure 5 7 0.279717833454854
dmeasure 5 8 0.4462600903728251
dmeasure 5 9 0.3035424283267473
dmeasure 5 10 0.10929753220997876
dmeasure 5 11 0.33192950111159875
dmeasure 5 12 0.44712966871659854
dmeasure 5 13 0.27816497404218754
dmeasure 5 14 0.33379147469958426
dmeasure 5 15 0.4481632811239471
dmeasure 5 16 0.27628953028122777
dmeasure 5 17 0.33132795894219536
dmeasure 5 18 0.4434612042101478
dmeasure 5 19 0.2782356265163759
dmeasure 6 7 0.2968398891589964
dmeasure 6 8 0.40494286486571723
dmeasure 6 9 0.3041750846515957
dmeasure 6 10 0.49939488129287235
dmeasure 6 11 0.5291352533806842
dmeasure 6 12 0.4366103696019086
dmeasure 6 13 0.5055559197030558
dmeasure 6 14 0.5300885248990541
dmeasure 6 15 0.43836614309886185
dmeasure 6 16 0.5042885643889858
dmeasure 6 17 0.5276733858996346
dmeasure 6 18 0.4420588888362482
dmeasure 6 19 0.5067449489642216
dmeasure 7 8 0.4183073966917185
dmeasure 7 9 0.06787446546617334
dmeasure 7 10 0.3410953255710227
dmeasure 7 11 0.34325234288873463
dmeasure 7 12 0.2627796822961267
dmeasure 7 13 0.33006233935827234
dmeasure 7 14 0.34405787924506537
dmeasure 7 15 0.2650785620165226
dmeasure 7 16 0.3286591160555904
dmeasure 7 17 0.3409815348173555
dmeasure 7 18 0.2654518476830895
dmeasure 7 19 0.3320617708066541
dmeasure 8 9 0.44238728903781055
dmeasure 8 10 0.40605753911234893
dmeasure 8 11 0.5001391675605006
dmeasure 8 12 0.48544394436867716
dmeasure 8 13 0.4691832799936072
dmeasure 8 14 0.5013105624091201
dmeasure 8 15 0.48671075853822765
dmeasure 8 16 0.46790789076919853
dmeasure 8 17 0.4992167505719871
dmeasure 8 18 0.48644443265104337
dmeasure 8 19 0.4700082899574116
dmeasure 9 10 0.36967666735490246
dmeasure 9 11 0.34603067876042826
dmeasure 9 12 0.2534190064668766
dmeasure 9 13 0.34711269675630385
dmeasure 9 14 0.3464811497957615
dmeasure 9 15 0.2557753001055156
dmeasure 9 16 0.3456196079985751
dmeasure 9 17 0.34349464101782573
dmeasure 9 18 0.25466772658026954
dmeasure 9 19 0.3497363216560552
dmeasure 10 11 0.29412637514986667
dmeasure 10 12 0.4323614921872305
dmeasure 10 13 0.2217605979492742
dmeasure 10 14 0.29650222304546486
dmeasure 10 15 0.4334338389357198
dmeasure 10 16 0.21993707097745935
dmeasure 10 17 0.2945491361229478
dmeasure 10 18 0.4291117014796274
dmeasure 10 19 0.2209795869898003
dmeasure 11 12 0.3128390913365771
dmeasure 11 13 0.1401674483484243
dmeasure 11 14 0.004026204647759072
dmeasure 11 15 0.3139026819080383
dmeasure 11 16 0.14127024078513878
dmeasure 11 17 0.005729333666584141
dmeasure 11 18 0.30603070673318283
dmeasure 11 19 0.14445894553912325
dmeasure 12 13 0.3877726814745044
dmeasure 12 14 0.31050859567046335
dmeasure 12 15 0.0042876063210313415
dmeasure 12 16 0.38896401373330414
dmeasure 12 17 0.31084248717882856
dmeasure 12 18 0.01598083084430901
dmeasure 12 19 0.3892446244370173
dmeasure 13 14 0.14403992272834504
dmeasure 13 15 0.3889061341561462
dmeasure 13 16 0.0029791986081274474
dmeasure 13 17 0.14202183527174161
dmeasure 13 18 0.38283757424522835
dmeasure 13 19 0.005921148320538683
dmeasure 14 15 0.31156979415672
dmeasure 14 16 0.14514007264793388
dmeasure 14 17 0.005997794856234702
dmeasure 14 18 0.3036537531989847
dmeasure 14 19 0.14831974920140606
dmeasure 15 16 0.390097145423127
dmeasure 15 17 0.31190444122060973
dmeasure 15 18 0.015329422889994818
dmeasure 15 19 0.3903801284223378
dmeasure 16 17 0.14313581708082534
dmeasure 16 18 0.38402240056238335
dmeasure 16 19 0.00736256461301245
dmeasure 17 18 0.30397625402666845
dmeasure 17 19 0.14628249090952683
dmeasure 18 19 0.38439631927737394