
         ... | LNA
        Date | 5/4/21 4:46 PM

         ... | GRAPH

     Network | 'nec'
       Graph | '---' (array)
       Nodes | 75,885 (0)
       Edges | 357,317 (0)

        WCCs | 1 (100.0%)
     Bow-tie | 61% (38%, 0%)
    Distance | 5.72 [1, 10]

      Degree | 9.42 (876, 13345)
  Scale-free | 3.37 (4.61, 3.17)
 Assortative | -0.15 (0.11, -0.06)
  Complexity | 9.98 (456.47)

  Clustering | 0.16 (0.0002)
  Modularity | 0.69 (7,228)
     Cluster | 0.00 (1)

        Time | 11.2 sec
      Memory | 0.85 GB

         ... | ESTIMATION

      Sample | 15.0%
      Degree | 9.42
    Estimate | 1208.56
   Corrected | 9.02

        Time | 0.00 sec
      Memory | 0.85 GB

         ... | GRAPH

     Network | 'facebook'
       Graph | '---' (array)
       Nodes | 63,392 (0)
       Edges | 816,831 (0)

        WCCs | 1 (100.0%)
     Bow-tie | 70% (30%, 0%)
    Distance | 4.27 [1, 8]

      Degree | 25.77 (196, 1000)
  Scale-free | 2.77 (4.18, 2.87)
 Assortative | 0.18 (0.31, 0.28)
  Complexity | 10.30 (405.34)

  Clustering | 0.22 (0.0179)
  Modularity | 0.58 (2,267)
     Cluster | 0.00 (1)

        Time | 10.2 sec
      Memory | 0.77 GB

         ... | ESTIMATION

      Sample | 15.0%
      Degree | 25.77
    Estimate | 84.56
   Corrected | 24.23

        Time | 0.00 sec
      Memory | 0.77 GB

         ... | GRAPH

     Network | 'enron'
       Graph | '---' (array)
       Nodes | 84,384 (0)
       Edges | 295,889 (0)

        WCCs | 1 (100.0%)
     Bow-tie | 24% (76%, 0%)
    Distance | 4.75 [1, 8]

      Degree | 7.01 (1145, 1430)
  Scale-free | 2.31 (2.73, 2.31)
 Assortative | -0.17 (-0.11, -0.05)
  Complexity | 9.46 (378.46)

  Clustering | 0.12 (0.0018)
  Modularity | 0.49 (1,693)
     Cluster | 0.00 (1)

        Time | 2.56 sec
      Memory | 1.29 GB

         ... | ESTIMATION

      Sample | 15.0%
      Degree | 7.01
    Estimate | 164.85
   Corrected | 7.98

        Time | 0.00 sec
      Memory | 1.29 GB

         ... | GRAPH

     Network | 'www-google'
       Graph | '---' (array)
       Nodes | 855,802 (0)
       Edges | 4,291,352 (0)

        WCCs | 1 (100.0%)
     Bow-tie | 51% (48%, 1%)
    Distance | 6.46 [1, 14]

      Degree | 10.03 (256, 6331)
  Scale-free | 2.72 (3.86, 2.55)
 Assortative | -0.06 (0.17, 0.00)
  Complexity | 12.83 (1548.19)

  Clustering | 0.52 (0.0014)
  Modularity | 0.80 (57,270)
     Cluster | 0.00 (1)

        Time | 55.9 sec
      Memory | 2.12 GB

         ... | ESTIMATION

      Sample | 15.0%
      Degree | 10.03
    Estimate | 179.67
   Corrected | 10.27

        Time | 0.03 sec
      Memory | 2.12 GB

         ... | GRAPH

     Network | 'facebook-1'
       Graph | '---' (array)
       Nodes | 8,217,272 (0)
       Edges | 12,582,912 (0)

        WCCs | 67 (100.0%)
     Bow-tie | 0% (99%, 0%)
    Distance | 6.67 [1, 10]

      Degree | 3.06 (409, 402)
  Scale-free | 1.73 (4.09, 1.67)
 Assortative | -0.78 (0.33, -0.03)
  Complexity | 13.85 (4111.42)

  Clustering | 0.02 (0.0002)
  Modularity | 0.68 (55,164)
     Cluster | 0.00 (1)

        Time | 7.67 min
      Memory | 5.09 GB

         ... | GRAPH

     Network | 'facebook-2'
       Graph | '---' (array)
       Nodes | 7,698,354 (0)
       Edges | 7,839,216 (0)

        WCCs | 11,469 (94.1%)
     Bow-tie | 0% (94%, 0%)
    Distance | 11.35 [1, 18]

      Degree | 2.04 (5, 401)
  Scale-free | 1.79 (NaN, 1.79)
 Assortative | -0.72 (0.05, 0.00)
  Complexity | 13.82 (4177.96)

  Clustering | 0.00 (0.0000)
  Modularity | 0.98 (48,035)
     Cluster | 0.00 (1)

        Time | 2.40 min
      Memory | 5.99 GB

         ... | LNA

        Time | 11.4 min
      Memory | 5.99 GB
