1. вҷЈ вҷ« вҳҪ
2. ЕЎ вҳј Еҫ
3. 7 вҳҪ вҷ 
4. Еҫ ДҚ Еҫ
5. вҷӘ вҳј вҷЈ
6. ДҚ в—„ 7
7. вҷ« вҷҘ в—„
8. вҳј вҷ« 7
9. вҷ  вҷ  в—„
10. 7 вҷӘ вҷ 
11. вҷЈ вҳҪ 7
12. вҷЈ вҷҘ ДҚ
13. ДҚ Еҫ Еҫ
14. 7 вҷ  вҷҘ
15. вҳҪ 7 7
16. 7 в—„ вҷҰ
17. вҳҪ вҳҪ ЕЎ
18. вҳј ЕЎ вҷҰ
19. вҷҰ 7 в—„
20. в—„ в—„ вҷ 
21. вҷӘ в—„ вҷ 
22. вҷӘ ДҚ вҳј
23. вҷҘ вҷЈ вҷӘ
24. Еҫ вҷЈ вҷ 
25. вҷҘ вҷӘ вҳҪ
26. вҷҘ вҷҘ вҳј
27. вҳј в—„ вҷ«
28. ДҚ вҷӘ вҳҪ
29. вҷҰ ЕЎ 7
30. вҳҪ вҷ  7
31. вҳј вҷ« вҳј
32. 7 Еҫ вҷ 
33. ЕЎ вҷҰ вҷ 
34. вҷЈ вҷ  вҷ 
35. вҳј ЕЎ вҷҰ
36. вҷӘ вҳҪ вҷЈ
37. вҷ  ДҚ вҷҘ
38. вҳҪ вҳј вҷЈ
39. вҷҘ вҷ  вҳҪ
40. вҷҰ Еҫ вҳҪ
41. Еҫ ДҚ вҳҪ
42. 7 вҷ« вҷҘ
43. вҷЈ вҷҘ вҷҘ
44. 7 вҷӘ вҳҪ
45. в—„ ЕЎ вҳј
46. 7 вҳҪ вҷ«
47. вҷҘ в—„ Еҫ
48. ЕЎ вҷ  вҷҰ
49. 7 вҷҘ вҷ«
50. ДҚ вҳҪ вҷ 
51. вҷЈ вҷҘ вҳј
52. вҷӘ вҷҰ вҳј
53. вҷҘ вҷЈ ЕЎ
54. вҷ« вҳҪ ДҚ
55. вҷЈ вҷ  вҷҰ
56. вҷӘ в—„ Еҫ
57. вҳј вҳј вҷЈ
58. вҷҰ 7 7
59. 7 вҳҪ 7
60. вҷҘ вҳј ДҚ
61. в—„ ДҚ вҷЈ
62. вҷҰ вҷ  вҷҘ
63. ЕЎ вҷҘ вҳј
64. 7 вҷ  вҳҪ
65. вҳј Еҫ вҳј
66. вҷҰ вҷЈ ЕЎ
67. вҷӘ вҷҰ вҷҘ
68. 7 вҷЈ вҳј
69. вҷҰ вҷ« вҳј
70. вҷҰ вҷ  Еҫ
71. вҳј 7 вҷҘ
72. вҷ« ДҚ ЕЎ
73. вҷЈ ЕЎ 7
74. 7 7 ЕЎ
75. вҷЈ ДҚ вҳҪ
76. вҷЈ вҳј 7
77. вҷӘ вҷ  вҳј
78. в—„ вҷҰ вҳј
79. ЕЎ ДҚ в—„
80. вҳҪ вҳҪ вҷҘ
81. 7 Еҫ Еҫ
82. 7 7 7

Jackpot in 82 tries рҹӨ— Well done!
