([7, 6, 5, 4, 3, 2, 1], [], [])

1--
2--
3--
4--
5--
6--
7--

*                       
**                      
***                     
****                    
*****                   
******                  
*******                 

([7, 6, 5, 4, 3, 2], [], [1])

---
2--
3--
4--
5--
6--
7-1

                        
**                      
***                     
****                    
*****                   
******                  
*******         *       

([7, 6, 5, 4, 3], [2], [1])

---
---
3--
4--
5--
6--
721

                        
                        
***                     
****                    
*****                   
******                  
******* **      *       

([7, 6, 5, 4, 3], [2, 1], [])

---
---
3--
4--
5--
61-
72-

                        
                        
***                     
****                    
*****                   
******  *               
******* **              

([7, 6, 5, 4], [2, 1], [3])

---
---
---
4--
5--
61-
723

                        
                        
                        
****                    
*****                   
******  *               
******* **      ***     

([7, 6, 5, 4, 1], [2], [3])

---
---
1--
4--
5--
6--
723

                        
                        
*                       
****                    
*****                   
******                  
******* **      ***     

([7, 6, 5, 4, 1], [], [3, 2])

---
---
1--
4--
5--
6-2
7-3

                        
                        
*                       
****                    
*****                   
******          **      
*******         ***     

([7, 6, 5, 4], [], [3, 2, 1])

---
---
---
4--
5-1
6-2
7-3

                        
                        
                        
****                    
*****           *       
******          **      
*******         ***     

([7, 6, 5], [4], [3, 2, 1])

---
---
---
---
5-1
6-2
743

                        
                        
                        
                        
*****           *       
******          **      
******* ****    ***     

([7, 6, 5], [4, 1], [3, 2])

---
---
---
---
5--
612
743

                        
                        
                        
                        
*****                   
******  *       **      
******* ****    ***     

([7, 6, 5, 2], [4, 1], [3])

---
---
---
2--
5--
61-
743

                        
                        
                        
**                      
*****                   
******  *               
******* ****    ***     

([7, 6, 5, 2, 1], [4], [3])

---
---
1--
2--
5--
6--
743

                        
                        
*                       
**                      
*****                   
******                  
******* ****    ***     

([7, 6, 5, 2, 1], [4, 3], [])

---
---
1--
2--
5--
63-
74-

                        
                        
*                       
**                      
*****                   
******  ***             
******* ****            

([7, 6, 5, 2], [4, 3], [1])

---
---
---
2--
5--
63-
741

                        
                        
                        
**                      
*****                   
******  ***             
******* ****    *       

([7, 6, 5], [4, 3, 2], [1])

---
---
---
---
52-
63-
741

                        
                        
                        
                        
*****   **              
******  ***             
******* ****    *       

([7, 6, 5], [4, 3, 2, 1], [])

---
---
---
-1-
52-
63-
74-

                        
                        
                        
        *               
*****   **              
******  ***             
******* ****            

([7, 6], [4, 3, 2, 1], [5])

---
---
---
-1-
-2-
63-
745

                        
                        
                        
        *               
        **              
******  ***             
******* ****    *****   

([7, 6, 1], [4, 3, 2], [5])

---
---
---
---
12-
63-
745

                        
                        
                        
                        
*       **              
******  ***             
******* ****    *****   

([7, 6, 1], [4, 3], [5, 2])

---
---
---
---
1--
632
745

                        
                        
                        
                        
*                       
******  ***     **      
******* ****    *****   

([7, 6], [4, 3], [5, 2, 1])

---
---
---
---
--1
632
745

                        
                        
                        
                        
                *       
******  ***     **      
******* ****    *****   

([7, 6, 3], [4], [5, 2, 1])

---
---
---
---
3-1
6-2
745

                        
                        
                        
                        
***             *       
******          **      
******* ****    *****   

([7, 6, 3], [4, 1], [5, 2])

---
---
---
---
3--
612
745

                        
                        
                        
                        
***                     
******  *       **      
******* ****    *****   

([7, 6, 3, 2], [4, 1], [5])

---
---
---
2--
3--
61-
745

                        
                        
                        
**                      
***                     
******  *               
******* ****    *****   

([7, 6, 3, 2, 1], [4], [5])

---
---
1--
2--
3--
6--
745

                        
                        
*                       
**                      
***                     
******                  
******* ****    *****   

([7, 6, 3, 2, 1], [], [5, 4])

---
---
1--
2--
3--
6-4
7-5

                        
                        
*                       
**                      
***                     
******          ****    
*******         *****   

([7, 6, 3, 2], [], [5, 4, 1])

---
---
---
2--
3-1
6-4
7-5

                        
                        
                        
**                      
***             *       
******          ****    
*******         *****   

([7, 6, 3], [2], [5, 4, 1])

---
---
---
---
3-1
6-4
725

                        
                        
                        
                        
***             *       
******          ****    
******* **      *****   

([7, 6, 3], [2, 1], [5, 4])

---
---
---
---
3--
614
725

                        
                        
                        
                        
***                     
******  *       ****    
******* **      *****   

([7, 6], [2, 1], [5, 4, 3])

---
---
---
---
--3
614
725

                        
                        
                        
                        
                ***     
******  *       ****    
******* **      *****   

([7, 6, 1], [2], [5, 4, 3])

---
---
---
---
1-3
6-4
725

                        
                        
                        
                        
*               ***     
******          ****    
******* **      *****   

([7, 6, 1], [], [5, 4, 3, 2])

---
---
---
--2
1-3
6-4
7-5

                        
                        
                        
                **      
*               ***     
******          ****    
*******         *****   

([7, 6], [], [5, 4, 3, 2, 1])

---
---
--1
--2
--3
6-4
7-5

                        
                        
                *       
                **      
                ***     
******          ****    
*******         *****   

([7], [6], [5, 4, 3, 2, 1])

---
---
--1
--2
--3
--4
765

                        
                        
                *       
                **      
                ***     
                ****    
******* ******  *****   

([7], [6, 1], [5, 4, 3, 2])

---
---
---
--2
--3
-14
765

                        
                        
                        
                **      
                ***     
        *       ****    
******* ******  *****   

([7, 2], [6, 1], [5, 4, 3])

---
---
---
---
--3
214
765

                        
                        
                        
                        
                ***     
**      *       ****    
******* ******  *****   

([7, 2, 1], [6], [5, 4, 3])

---
---
---
---
1-3
2-4
765

                        
                        
                        
                        
*               ***     
**              ****    
******* ******  *****   

([7, 2, 1], [6, 3], [5, 4])

---
---
---
---
1--
234
765

                        
                        
                        
                        
*                       
**      ***     ****    
******* ******  *****   

([7, 2], [6, 3], [5, 4, 1])

---
---
---
---
--1
234
765

                        
                        
                        
                        
                *       
**      ***     ****    
******* ******  *****   

([7], [6, 3, 2], [5, 4, 1])

---
---
---
---
-21
-34
765

                        
                        
                        
                        
        **      *       
        ***     ****    
******* ******  *****   

([7], [6, 3, 2, 1], [5, 4])

---
---
---
-1-
-2-
-34
765

                        
                        
                        
        *               
        **              
        ***     ****    
******* ******  *****   

([7, 4], [6, 3, 2, 1], [5])

---
---
---
-1-
-2-
43-
765

                        
                        
                        
        *               
        **              
****    ***             
******* ******  *****   

([7, 4, 1], [6, 3, 2], [5])

---
---
---
---
12-
43-
765

                        
                        
                        
                        
*       **              
****    ***             
******* ******  *****   

([7, 4, 1], [6, 3], [5, 2])

---
---
---
---
1--
432
765

                        
                        
                        
                        
*                       
****    ***     **      
******* ******  *****   

([7, 4], [6, 3], [5, 2, 1])

---
---
---
---
--1
432
765

                        
                        
                        
                        
                *       
****    ***     **      
******* ******  *****   

([7, 4, 3], [6], [5, 2, 1])

---
---
---
---
3-1
4-2
765

                        
                        
                        
                        
***             *       
****            **      
******* ******  *****   

([7, 4, 3], [6, 1], [5, 2])

---
---
---
---
3--
412
765

                        
                        
                        
                        
***                     
****    *       **      
******* ******  *****   

([7, 4, 3, 2], [6, 1], [5])

---
---
---
2--
3--
41-
765

                        
                        
                        
**                      
***                     
****    *               
******* ******  *****   

([7, 4, 3, 2, 1], [6], [5])

---
---
1--
2--
3--
4--
765

                        
                        
*                       
**                      
***                     
****                    
******* ******  *****   

([7, 4, 3, 2, 1], [6, 5], [])

---
---
1--
2--
3--
45-
76-

                        
                        
*                       
**                      
***                     
****    *****           
******* ******          

([7, 4, 3, 2], [6, 5], [1])

---
---
---
2--
3--
45-
761

                        
                        
                        
**                      
***                     
****    *****           
******* ******  *       

([7, 4, 3], [6, 5, 2], [1])

---
---
---
---
32-
45-
761

                        
                        
                        
                        
***     **              
****    *****           
******* ******  *       

([7, 4, 3], [6, 5, 2, 1], [])

---
---
---
-1-
32-
45-
76-

                        
                        
                        
        *               
***     **              
****    *****           
******* ******          

([7, 4], [6, 5, 2, 1], [3])

---
---
---
-1-
-2-
45-
763

                        
                        
                        
        *               
        **              
****    *****           
******* ******  ***     

([7, 4, 1], [6, 5, 2], [3])

---
---
---
---
12-
45-
763

                        
                        
                        
                        
*       **              
****    *****           
******* ******  ***     

([7, 4, 1], [6, 5], [3, 2])

---
---
---
---
1--
452
763

                        
                        
                        
                        
*                       
****    *****   **      
******* ******  ***     

([7, 4], [6, 5], [3, 2, 1])

---
---
---
---
--1
452
763

                        
                        
                        
                        
                *       
****    *****   **      
******* ******  ***     

([7], [6, 5, 4], [3, 2, 1])

---
---
---
---
-41
-52
763

                        
                        
                        
                        
        ****    *       
        *****   **      
******* ******  ***     

([7], [6, 5, 4, 1], [3, 2])

---
---
---
-1-
-4-
-52
763

                        
                        
                        
        *               
        ****            
        *****   **      
******* ******  ***     

([7, 2], [6, 5, 4, 1], [3])

---
---
---
-1-
-4-
25-
763

                        
                        
                        
        *               
        ****            
**      *****           
******* ******  ***     

([7, 2, 1], [6, 5, 4], [3])

---
---
---
---
14-
25-
763

                        
                        
                        
                        
*       ****            
**      *****           
******* ******  ***     

([7, 2, 1], [6, 5, 4, 3], [])

---
---
---
-3-
14-
25-
76-

                        
                        
                        
        ***             
*       ****            
**      *****           
******* ******          

([7, 2], [6, 5, 4, 3], [1])

---
---
---
-3-
-4-
25-
761

                        
                        
                        
        ***             
        ****            
**      *****           
******* ******  *       

([7], [6, 5, 4, 3, 2], [1])

---
---
-2-
-3-
-4-
-5-
761

                        
                        
        **              
        ***             
        ****            
        *****           
******* ******  *       

([7], [6, 5, 4, 3, 2, 1], [])

---
-1-
-2-
-3-
-4-
-5-
76-

                        
        *               
        **              
        ***             
        ****            
        *****           
******* ******          

([], [6, 5, 4, 3, 2, 1], [7])

---
-1-
-2-
-3-
-4-
-5-
-67

                        
        *               
        **              
        ***             
        ****            
        *****           
        ******  ******* 

([1], [6, 5, 4, 3, 2], [7])

---
---
-2-
-3-
-4-
-5-
167

                        
                        
        **              
        ***             
        ****            
        *****           
*       ******  ******* 

([1], [6, 5, 4, 3], [7, 2])

---
---
---
-3-
-4-
-52
167

                        
                        
                        
        ***             
        ****            
        *****   **      
*       ******  ******* 

([], [6, 5, 4, 3], [7, 2, 1])

---
---
---
-3-
-41
-52
-67

                        
                        
                        
        ***             
        ****    *       
        *****   **      
        ******  ******* 

([3], [6, 5, 4], [7, 2, 1])

---
---
---
---
-41
-52
367

                        
                        
                        
                        
        ****    *       
        *****   **      
***     ******  ******* 

([3], [6, 5, 4, 1], [7, 2])

---
---
---
-1-
-4-
-52
367

                        
                        
                        
        *               
        ****            
        *****   **      
***     ******  ******* 

([3, 2], [6, 5, 4, 1], [7])

---
---
---
-1-
-4-
25-
367

                        
                        
                        
        *               
        ****            
**      *****           
***     ******  ******* 

([3, 2, 1], [6, 5, 4], [7])

---
---
---
---
14-
25-
367

                        
                        
                        
                        
*       ****            
**      *****           
***     ******  ******* 

([3, 2, 1], [6, 5], [7, 4])

---
---
---
---
1--
254
367

                        
                        
                        
                        
*                       
**      *****   ****    
***     ******  ******* 

([3, 2], [6, 5], [7, 4, 1])

---
---
---
---
--1
254
367

                        
                        
                        
                        
                *       
**      *****   ****    
***     ******  ******* 

([3], [6, 5, 2], [7, 4, 1])

---
---
---
---
-21
-54
367

                        
                        
                        
                        
        **      *       
        *****   ****    
***     ******  ******* 

([3], [6, 5, 2, 1], [7, 4])

---
---
---
-1-
-2-
-54
367

                        
                        
                        
        *               
        **              
        *****   ****    
***     ******  ******* 

([], [6, 5, 2, 1], [7, 4, 3])

---
---
---
-1-
-23
-54
-67

                        
                        
                        
        *               
        **      ***     
        *****   ****    
        ******  ******* 

([1], [6, 5, 2], [7, 4, 3])

---
---
---
---
-23
-54
167

                        
                        
                        
                        
        **      ***     
        *****   ****    
*       ******  ******* 

([1], [6, 5], [7, 4, 3, 2])

---
---
---
--2
--3
-54
167

                        
                        
                        
                **      
                ***     
        *****   ****    
*       ******  ******* 

([], [6, 5], [7, 4, 3, 2, 1])

---
---
--1
--2
--3
-54
-67

                        
                        
                *       
                **      
                ***     
        *****   ****    
        ******  ******* 

([5], [6], [7, 4, 3, 2, 1])

---
---
--1
--2
--3
--4
567

                        
                        
                *       
                **      
                ***     
                ****    
*****   ******  ******* 

([5], [6, 1], [7, 4, 3, 2])

---
---
---
--2
--3
-14
567

                        
                        
                        
                **      
                ***     
        *       ****    
*****   ******  ******* 

([5, 2], [6, 1], [7, 4, 3])

---
---
---
---
--3
214
567

                        
                        
                        
                        
                ***     
**      *       ****    
*****   ******  ******* 

([5, 2, 1], [6], [7, 4, 3])

---
---
---
---
1-3
2-4
567

                        
                        
                        
                        
*               ***     
**              ****    
*****   ******  ******* 

([5, 2, 1], [6, 3], [7, 4])

---
---
---
---
1--
234
567

                        
                        
                        
                        
*                       
**      ***     ****    
*****   ******  ******* 

([5, 2], [6, 3], [7, 4, 1])

---
---
---
---
--1
234
567

                        
                        
                        
                        
                *       
**      ***     ****    
*****   ******  ******* 

([5], [6, 3, 2], [7, 4, 1])

---
---
---
---
-21
-34
567

                        
                        
                        
                        
        **      *       
        ***     ****    
*****   ******  ******* 

([5], [6, 3, 2, 1], [7, 4])

---
---
---
-1-
-2-
-34
567

                        
                        
                        
        *               
        **              
        ***     ****    
*****   ******  ******* 

([5, 4], [6, 3, 2, 1], [7])

---
---
---
-1-
-2-
43-
567

                        
                        
                        
        *               
        **              
****    ***             
*****   ******  ******* 

([5, 4, 1], [6, 3, 2], [7])

---
---
---
---
12-
43-
567

                        
                        
                        
                        
*       **              
****    ***             
*****   ******  ******* 

([5, 4, 1], [6, 3], [7, 2])

---
---
---
---
1--
432
567

                        
                        
                        
                        
*                       
****    ***     **      
*****   ******  ******* 

([5, 4], [6, 3], [7, 2, 1])

---
---
---
---
--1
432
567

                        
                        
                        
                        
                *       
****    ***     **      
*****   ******  ******* 

([5, 4, 3], [6], [7, 2, 1])

---
---
---
---
3-1
4-2
567

                        
                        
                        
                        
***             *       
****            **      
*****   ******  ******* 

([5, 4, 3], [6, 1], [7, 2])

---
---
---
---
3--
412
567

                        
                        
                        
                        
***                     
****    *       **      
*****   ******  ******* 

([5, 4, 3, 2], [6, 1], [7])

---
---
---
2--
3--
41-
567

                        
                        
                        
**                      
***                     
****    *               
*****   ******  ******* 

([5, 4, 3, 2, 1], [6], [7])

---
---
1--
2--
3--
4--
567

                        
                        
*                       
**                      
***                     
****                    
*****   ******  ******* 

([5, 4, 3, 2, 1], [], [7, 6])

---
---
1--
2--
3--
4-6
5-7

                        
                        
*                       
**                      
***                     
****            ******  
*****           ******* 

([5, 4, 3, 2], [], [7, 6, 1])

---
---
---
2--
3-1
4-6
5-7

                        
                        
                        
**                      
***             *       
****            ******  
*****           ******* 

([5, 4, 3], [2], [7, 6, 1])

---
---
---
---
3-1
4-6
527

                        
                        
                        
                        
***             *       
****            ******  
*****   **      ******* 

([5, 4, 3], [2, 1], [7, 6])

---
---
---
---
3--
416
527

                        
                        
                        
                        
***                     
****    *       ******  
*****   **      ******* 

([5, 4], [2, 1], [7, 6, 3])

---
---
---
---
--3
416
527

                        
                        
                        
                        
                ***     
****    *       ******  
*****   **      ******* 

([5, 4, 1], [2], [7, 6, 3])

---
---
---
---
1-3
4-6
527

                        
                        
                        
                        
*               ***     
****            ******  
*****   **      ******* 

([5, 4, 1], [], [7, 6, 3, 2])

---
---
---
--2
1-3
4-6
5-7

                        
                        
                        
                **      
*               ***     
****            ******  
*****           ******* 

([5, 4], [], [7, 6, 3, 2, 1])

---
---
--1
--2
--3
4-6
5-7

                        
                        
                *       
                **      
                ***     
****            ******  
*****           ******* 

([5], [4], [7, 6, 3, 2, 1])

---
---
--1
--2
--3
--6
547

                        
                        
                *       
                **      
                ***     
                ******  
*****   ****    ******* 

([5], [4, 1], [7, 6, 3, 2])

---
---
---
--2
--3
-16
547

                        
                        
                        
                **      
                ***     
        *       ******  
*****   ****    ******* 

([5, 2], [4, 1], [7, 6, 3])

---
---
---
---
--3
216
547

                        
                        
                        
                        
                ***     
**      *       ******  
*****   ****    ******* 

([5, 2, 1], [4], [7, 6, 3])

---
---
---
---
1-3
2-6
547

                        
                        
                        
                        
*               ***     
**              ******  
*****   ****    ******* 

([5, 2, 1], [4, 3], [7, 6])

---
---
---
---
1--
236
547

                        
                        
                        
                        
*                       
**      ***     ******  
*****   ****    ******* 

([5, 2], [4, 3], [7, 6, 1])

---
---
---
---
--1
236
547

                        
                        
                        
                        
                *       
**      ***     ******  
*****   ****    ******* 

([5], [4, 3, 2], [7, 6, 1])

---
---
---
---
-21
-36
547

                        
                        
                        
                        
        **      *       
        ***     ******  
*****   ****    ******* 

([5], [4, 3, 2, 1], [7, 6])

---
---
---
-1-
-2-
-36
547

                        
                        
                        
        *               
        **              
        ***     ******  
*****   ****    ******* 

([], [4, 3, 2, 1], [7, 6, 5])

---
---
---
-1-
-25
-36
-47

                        
                        
                        
        *               
        **      *****   
        ***     ******  
        ****    ******* 

([1], [4, 3, 2], [7, 6, 5])

---
---
---
---
-25
-36
147

                        
                        
                        
                        
        **      *****   
        ***     ******  
*       ****    ******* 

([1], [4, 3], [7, 6, 5, 2])

---
---
---
--2
--5
-36
147

                        
                        
                        
                **      
                *****   
        ***     ******  
*       ****    ******* 

([], [4, 3], [7, 6, 5, 2, 1])

---
---
--1
--2
--5
-36
-47

                        
                        
                *       
                **      
                *****   
        ***     ******  
        ****    ******* 

([3], [4], [7, 6, 5, 2, 1])

---
---
--1
--2
--5
--6
347

                        
                        
                *       
                **      
                *****   
                ******  
***     ****    ******* 

([3], [4, 1], [7, 6, 5, 2])

---
---
---
--2
--5
-16
347

                        
                        
                        
                **      
                *****   
        *       ******  
***     ****    ******* 

([3, 2], [4, 1], [7, 6, 5])

---
---
---
---
--5
216
347

                        
                        
                        
                        
                *****   
**      *       ******  
***     ****    ******* 

([3, 2, 1], [4], [7, 6, 5])

---
---
---
---
1-5
2-6
347

                        
                        
                        
                        
*               *****   
**              ******  
***     ****    ******* 

([3, 2, 1], [], [7, 6, 5, 4])

---
---
---
--4
1-5
2-6
3-7

                        
                        
                        
                ****    
*               *****   
**              ******  
***             ******* 

([3, 2], [], [7, 6, 5, 4, 1])

---
---
--1
--4
--5
2-6
3-7

                        
                        
                *       
                ****    
                *****   
**              ******  
***             ******* 

([3], [2], [7, 6, 5, 4, 1])

---
---
--1
--4
--5
--6
327

                        
                        
                *       
                ****    
                *****   
                ******  
***     **      ******* 

([3], [2, 1], [7, 6, 5, 4])

---
---
---
--4
--5
-16
327

                        
                        
                        
                ****    
                *****   
        *       ******  
***     **      ******* 

([], [2, 1], [7, 6, 5, 4, 3])

---
---
--3
--4
--5
-16
-27

                        
                        
                ***     
                ****    
                *****   
        *       ******  
        **      ******* 

([1], [2], [7, 6, 5, 4, 3])

---
---
--3
--4
--5
--6
127

                        
                        
                ***     
                ****    
                *****   
                ******  
*       **      ******* 

([1], [], [7, 6, 5, 4, 3, 2])

---
--2
--3
--4
--5
--6
1-7

                        
                **      
                ***     
                ****    
                *****   
                ******  
*               ******* 

([], [], [7, 6, 5, 4, 3, 2, 1])

--1
--2
--3
--4
--5
--6
--7

                *       
                **      
                ***     
                ****    
                *****   
                ******  
                ******* 

