Pozdravljeni pri predmetu PRO2!
1 11.07 7 1.23 Vrednost spremenljivke w je enaka 1.230
64.0
1
122.54490000000001
28.531292199876145
1
Vrednost spremenljivke x je med 1 in 2
Vrednost spremenljivke x je večja ali enaka 1
Vrednost spremenljivke x je enaka 1 ali 2
Vrednost spremenljivke x je enaka 1
Vrednost spremenljivke ch je enaka 'a'
Vrednost spremenljivke i je enaka 0
Vrednost spremenljivke i je enaka 1
Vrednost spremenljivke i je enaka 2
Vrednost spremenljivke ind je enaka 0
Vrednost spremenljivke ind je enaka 1
Vrednost spremenljivke ind je enaka 2
Vrednost produkta x*y je enaka 8.61
Vrednost produkta x*y je enaka 14.0
Vrednost produkta x*y je enaka 51.66
Vrednost produkta x*y je enaka 2.0
Vrednost vhodnega argumenta funkcije je enaka 42
Vrednost rezultata funkcije je enaka 55
