'lovrosubelj' ← 'ravishwakarma20'
'lovrosubelj' ← 'PingZho25182048'
'lovrosubelj' ← 'brsepulvado'
'lovrosubelj' ← 'Waydze1'
'lovrosubelj' ← 'lovakov'
'lovrosubelj' ← 'filipcou'
'lovrosubelj' ← 'pallabp'
'lovrosubelj' ← 'Simon07835729'
'lovrosubelj' ← 'gogili_w'
'lovrosubelj' ← 'NetworkTremieu'
'lovrosubelj' ← 'uskudarli'
'lovrosubelj' ← 'BingoLittle1'
'lovrosubelj' ← 'jo_dudek'
'lovrosubelj' ← 'nikhil9388'
'lovrosubelj' ← 'manuel__pita'
'lovrosubelj' ← 'diliara_valeeva'
'lovrosubelj' ← 'narnolddd'
'lovrosubelj' ← 'tadejtadej'
'lovrosubelj' ← 'balazsvedres'
'lovrosubelj' ← 'aljorehar'
'lovrosubelj' ← 'mikk_c'
'lovrosubelj' ← 'ishtvibhu'
'lovrosubelj' ← 'kronglc'
'lovrosubelj' ← 'schochastics'
'lovrosubelj' ← 'LudoWaltman'
'ravishwakarma20' ← 'PDA_ITQB_iBET'
'ravishwakarma20' ← 'Neelu_kathayat'
'ravishwakarma20' ← 'gordoisabel1'
'ravishwakarma20' ← 'Uwolivier14'
'ravishwakarma20' ← 'Camila__Mariano'
'ravishwakarma20' ← 'vmellop'
'ravishwakarma20' ← 'HenriquesLab'
'ravishwakarma20' ← 'Networks2021'
'ravishwakarma20' ← 'biopatrika'
'ravishwakarma20' ← 'Akshay40310422'
'PingZho25182048' ← 'ResFortnight'
'PingZho25182048' ← 'RoRInstitute'
'PingZho25182048' ← 'nanotechcong'
'PingZho25182048' ← 'osusiaprof'
'PingZho25182048' ← 'vtraag'
'PingZho25182048' ← 'WeijdenInge'
'brsepulvado' ← 'leland_mcinnes'
'brsepulvado' ← 'KylerSpeigen'
'brsepulvado' ← 'christianpipal'
'brsepulvado' ← 'y_gingras'
'brsepulvado' ← 'a_d_robertson'
'brsepulvado' ← 'ChSteglich'
'brsepulvado' ← 'Soc_Complexity'
'brsepulvado' ← 'Traci_H_Angelli'
'brsepulvado' ← 'meganjpalmer'
'brsepulvado' ← 'xchatty'
'brsepulvado' ← 'owackowski'
'brsepulvado' ← 'JeremyK_Ward'
'brsepulvado' ← 'SciTechDiploHub'
'brsepulvado' ← 'sal_vilella'
'brsepulvado' ← 'KM_datasci'
'brsepulvado' ← 'cburkeucsd'
'brsepulvado' ← 'PaoloBarucca'
'brsepulvado' ← 'SarahHoyt01'
'brsepulvado' ← 'wjb_mattingly'
'brsepulvado' ← 'skgworkshop'
'brsepulvado' ← 'ophiryotam'
'brsepulvado' ← 'HadrienClouet'
'brsepulvado' ← 'jeffguhin'
'brsepulvado' ← 'ShenmengXu'
'brsepulvado' ← 'jo_dudek'
'brsepulvado' ← 'alelemb0'
'brsepulvado' ← 'jlkucinskas'
'brsepulvado' ← 'nailhauling'
'brsepulvado' ← 'kkiley'
'brsepulvado' ← 'neuralnico'
'brsepulvado' ← 'Dr_KateSimpson'
'brsepulvado' ← 'SelinNugent'
'brsepulvado' ← 'stonge_g'
'brsepulvado' ← 'palen'
'brsepulvado' ← 'marmuel_'
'brsepulvado' ← 'manuel_guerrero'
'brsepulvado' ← 'annasvrn'
'brsepulvado' ← 'tomasokal'
'brsepulvado' ← 'hinnovic'
'brsepulvado' ← 'SherryEmery'
'brsepulvado' ← 'UsaBizData1'
'brsepulvado' ← 'TerragniSilvia'
'brsepulvado' ← 'andrewpdavis1'
'brsepulvado' ← 'SafeGraph'
'brsepulvado' ← 'NllpWorkshop'
'brsepulvado' ← 'CNeskey'
'brsepulvado' ← 'goncalo_veiga'
'brsepulvado' ← 'haro_ca_'
'brsepulvado' ← 'AnnaMarieKoi'
'brsepulvado' ← 'Dr_ArjeeRestar'
'brsepulvado' ← 'debora_nozza'
'brsepulvado' ← 'WashStat'
'brsepulvado' ← 'SINSA2020'
'brsepulvado' ← 'aabeliuk'
'brsepulvado' ← 'limeygrl'
'brsepulvado' ← 'pardoguerra'
'brsepulvado' ← 'Vivfiona'
'brsepulvado' ← 'podsprogram'
'brsepulvado' ← 'zhao_yikai'
'brsepulvado' ← 'lisawade'
'brsepulvado' ← '_willdebras'
'brsepulvado' ← 'RafG'
'brsepulvado' ← 'JoshSeim'
'brsepulvado' ← 'FreyGeospatial'
'brsepulvado' ← 'Rose22204136'
'brsepulvado' ← 'DeffOPERA'
'brsepulvado' ← 'david_arditi'
'brsepulvado' ← 'DCHackAndTell'
'brsepulvado' ← 'ziebrah'
'brsepulvado' ← 'kathryn_tm'
'brsepulvado' ← 'sam_rosenbott'
'brsepulvado' ← 'fctropf'
'brsepulvado' ← 'awunderground'
'brsepulvado' ← 'Networks2021'
'brsepulvado' ← 'profstevek'
'brsepulvado' ← 'julianjon'
'brsepulvado' ← 'SNC_GC'
'brsepulvado' ← 'EmmiKauppila'
'brsepulvado' ← 'BS_Hartmann'
'brsepulvado' ← 'dhdebates'
'brsepulvado' ← 'Public_Editor_'
'brsepulvado' ← 'valdanchev'
'brsepulvado' ← 'YifangMa'
'brsepulvado' ← 'societyoftrees'
'brsepulvado' ← 'arvidmartin'
'brsepulvado' ← 'CADRE_Project'
'brsepulvado' ← 'FoleyJ0'
'brsepulvado' ← 'DePersonales'
'brsepulvado' ← 'cd_lucas'
'brsepulvado' ← 'penetpp'
'brsepulvado' ← 'LeloucheMoi'
'brsepulvado' ← 'SocResearchUT'
'brsepulvado' ← 'RyanKennedy7'
'brsepulvado' ← 'BreznauNate'
'brsepulvado' ← 'JulesNaudet'
'brsepulvado' ← 'ChrisWLynn'
'brsepulvado' ← 'alicia_d_eads'
'brsepulvado' ← 'mollyllewis'
'brsepulvado' ← 'OpenJournalSys'
'brsepulvado' ← 'spattersearch'
'brsepulvado' ← 'FlavienGanter'
'brsepulvado' ← 'george_berry'
'brsepulvado' ← 'SalveMister'
'brsepulvado' ← 'nedasoc'
'brsepulvado' ← 'DCInbox'
'brsepulvado' ← 'martenduering'
'brsepulvado' ← 'CeBIL_Center'
'brsepulvado' ← 'Catherine22333'
'brsepulvado' ← 'machinelearnflx'
'brsepulvado' ← 'Ibrahimassygma1'
'brsepulvado' ← 'low_tex'
'brsepulvado' ← 'onurvarol'
'brsepulvado' ← 'ryanalight'
'brsepulvado' ← '4sConference'
'brsepulvado' ← 'Rfunction_a_day'
'brsepulvado' ← 'Shugars'
'brsepulvado' ← 'ronaldomenezes'
'brsepulvado' ← 'NickFoxstats'
'brsepulvado' ← 'chstmphds'
'brsepulvado' ← 'ryanwesslen'
'brsepulvado' ← 'Joshua_Mausolf'
'brsepulvado' ← 'askitconsulting'
'brsepulvado' ← 'omar_lizardo'
'brsepulvado' ← 'acerbialberto'
'brsepulvado' ← 'drmrwale'
'brsepulvado' ← 'SocPhilSciPract'
'brsepulvado' ← 'netsci2017'
'brsepulvado' ← 'fredileb'
'brsepulvado' ← 'emile_chabal'
'brsepulvado' ← 'IUNetSci'
'brsepulvado' ← 'OneTrueAthena'
'brsepulvado' ← 'frommyclipboard'
'brsepulvado' ← 'SocPhys'
'brsepulvado' ← 'Vanessa_becker'
'brsepulvado' ← 'Petronikus'
'brsepulvado' ← 'UntexteUnjour'
'brsepulvado' ← 'MarionPaton'
'brsepulvado' ← 'justinvanness_'
'brsepulvado' ← 'alizaluft'
'brsepulvado' ← 'thom82'
'brsepulvado' ← 'SBP_Conference'
'brsepulvado' ← 'm_j_chandler'
'brsepulvado' ← 'socprobsjournal'
'brsepulvado' ← 'netsci15'
'brsepulvado' ← 'bapeterj'
'brsepulvado' ← 'kae010'
'brsepulvado' ← 'Grockit'
'brsepulvado' ← 'Vesteur'
'brsepulvado' ← 'mayiplaymusic'
'brsepulvado' ← 'gagliol'
'brsepulvado' ← 'R_Programming'
'brsepulvado' ← 'maleitte'
'brsepulvado' ← 'eccs14'
'brsepulvado' ← 'PalgraveSoc'
'brsepulvado' ← 'chico_extrano_1'
'brsepulvado' ← 'UKDataArchive'
'brsepulvado' ← 'UKDataService'
'brsepulvado' ← 'doubleamartini'
'brsepulvado' ← 'jeremyfreese'
'brsepulvado' ← 'nyacovissi'
'brsepulvado' ← 'iam_Acapricorn'
'brsepulvado' ← 'sinanaral'
'brsepulvado' ← 'got2luvcheex'
'brsepulvado' ← 'NadineKaskasMD'
'brsepulvado' ← 'eccs13'
'brsepulvado' ← 'emilio__ferrara'
'brsepulvado' ← 'covenant_ws'
'brsepulvado' ← 'macy_mae'
'brsepulvado' ← 'MarquetteLa'
'brsepulvado' ← 'ciaramorgan09'
'Waydze1' ← 'HubUkrainian'
'Waydze1' ← 'ResFortnight'
'Waydze1' ← 'MichaelDorman84'
'Waydze1' ← 'ijetmr'
'Waydze1' ← 'annaguillaumet'
'Waydze1' ← 'Diego_Koz'
'Waydze1' ← 'PubtechR'
'Waydze1' ← 'CommunicatingR'
'Waydze1' ← 'zammit_marc'
'Waydze1' ← 'Jesus05614980'
'Waydze1' ← 'Sebas_Iglo'
'Waydze1' ← 'BrookeAReid'
'Waydze1' ← 'DSDimensions'
'Waydze1' ← 'lambdaman'
'Waydze1' ← 'SDawsonBerlin'
'Waydze1' ← 'diegosime'
'Waydze1' ← 'MontalvoSandro'
'Waydze1' ← 'Manuelfergom'
'Waydze1' ← 'figuerosky'
'Waydze1' ← 'Data4Impact_'
'Waydze1' ← 'davidbraze'
'Waydze1' ← '7attone'
'Waydze1' ← 'manorman2'
'Waydze1' ← 'hauschke'
'Waydze1' ← 'lovakov'
'Waydze1' ← 'varmara'
'Waydze1' ← 'ikashnitsky'
'Waydze1' ← 'TamaraMcCleary'
'Waydze1' ← 'RLangPackage'
'Waydze1' ← 'workshop_oc'
'Waydze1' ← 'YasyaMospanova'
'Waydze1' ← 'SerhiyKozmenko'
'Waydze1' ← 'fteval'
'Waydze1' ← 'CenSciOnaft'
'Waydze1' ← 'InessYrik'
'Waydze1' ← 'NShoreOutlet'
'Waydze1' ← 'isidroaguillo'
'Waydze1' ← 'Ylyalya'
'lovakov' ← 'p_michaelsen'
'lovakov' ← 'CollabraOA'
'lovakov' ← 'TBerezner'
'lovakov' ← 'IJSP_RPS'
'lovakov' ← 'MattEasters'
'lovakov' ← 'hug_sven'
'lovakov' ← 'Olivia_33285'
'lovakov' ← 'scik_workshop'
'lovakov' ← 'Alexand60798403'
'lovakov' ← 'ClimateUniv'
'lovakov' ← 'diliara_valeeva'
'lovakov' ← 'jaapnieuwen'
'lovakov' ← 'grigolus'
'lovakov' ← 'angelosalatino'
'lovakov' ← 'miguel_a_lim'
'lovakov' ← 'marta_u'
'lovakov' ← 'edu3cl'
'lovakov' ← '_erayykara'
'lovakov' ← 'dantesalto'
'lovakov' ← 'ben_vulm'
'lovakov' ← 'MorayHouseCEID'
'lovakov' ← 'ThiLyLe_IR'
'lovakov' ← 'Marek_Kwiek'
'lovakov' ← 'ingorohlfing'
'lovakov' ← 'OlgaMun_ED'
'lovakov' ← 'YusufOldac'
'lovakov' ← 'IvetaSilova'
'lovakov' ← 'EdPsychJournal'
'lovakov' ← 'PaTHES_Society'
'lovakov' ← 'Imantahamtan'
'lovakov' ← 'PsychologyIdea'
'lovakov' ← 'JulianHamann1'
'lovakov' ← 'SerhiyKozmenko'
'lovakov' ← 'LCSS_Hannover'
'lovakov' ← 'PLazetic'
'lovakov' ← 'sergioavellar'
'lovakov' ← 'PrincessMulbah5'
'lovakov' ← 'asolsantos'
'lovakov' ← 'MChankseliani'
'lovakov' ← 'AASP_AJSP'
'lovakov' ← 'tbrotherhood_he'
'lovakov' ← 'chartgerink'
'lovakov' ← 'CHERELancasterU'
'lovakov' ← 'n_hillman'
'lovakov' ← 'atmwyatt'
'lovakov' ← 'AshCademic'
'lovakov' ← 'KarriHolley'
'lovakov' ← 'RVTikhonov'
'lovakov' ← 's_brosnan88'
'lovakov' ← 'carey_mlchen'
'lovakov' ← 'Alex__GHEORGHIU'
'lovakov' ← 'Xinxulily'
'lovakov' ← 'ASGunn'
'lovakov' ← 'elliot__liber'
'lovakov' ← 'Nmakunika'
'lovakov' ← 'dygznklc'
'lovakov' ← 'ewarozkosz'
'lovakov' ← 'PolonenJanne'
'lovakov' ← 'in_cog_nikto'
'lovakov' ← 'Research_Tim'
'lovakov' ← 'yu_yanhui'
'lovakov' ← 'n_hueb'
'lovakov' ← 'martawrob'
'lovakov' ← 'EJPBlog'
'lovakov' ← 'ScholarMetrics'
'lovakov' ← 'lttsophie'
'lovakov' ← 'AK_Reiman'
'lovakov' ← 'bunchprice'
'lovakov' ← 'SiobhanDytham'
'lovakov' ← 'RodrigoCostas1'
'lovakov' ← 'listmusielski'
'lovakov' ← 'SAGEManagement'
'lovakov' ← 'COSMOS_MCN'
'lovakov' ← 'FrontResMetrics'
'lovakov' ← 'MalachiteQuills'
'lovakov' ← 'nsudisabledrep1'
'lovakov' ← 'msu_press'
'lovakov' ← 'JkayFlake'
'lovakov' ← 'justinkarter'
'lovakov' ← 'MeetingSift'
'lovakov' ← 'Lelik_N'
'lovakov' ← 'Kamigava'
'lovakov' ← 'SPSSI'
'lovakov' ← 'cindykqingmaker'
'lovakov' ← 'NBalaky'
'lovakov' ← 'giladfeldman'
'lovakov' ← 'mollymking'
'lovakov' ← 'forevelucid'
'lovakov' ← 'Wa2Eugene'
'lovakov' ← 'OrgDevAndChange'
'lovakov' ← 'ALOstasis'
'lovakov' ← 'zdon89'
'lovakov' ← 'Dr_Sanders_APSU'
'lovakov' ← 'saraannhart'
'lovakov' ← 'chris_cerasoli'
'lovakov' ← 'Bonar_Hutapea'
'lovakov' ← 'WorkLifeDiary'
'lovakov' ← 'EconomyJournal'
'lovakov' ← 'TonyLFreitas'
'lovakov' ← 'R__INDEX'
'lovakov' ← 'danielrussellHR'
'lovakov' ← 'andre4ceschi'
'lovakov' ← 'iopsych_conte'
'lovakov' ← 'jovana_husic'
'lovakov' ← 'itz_cory123'
'lovakov' ← 'TheMichaelShow2'
'lovakov' ← 'mikemmoon'
'lovakov' ← 'MikeZickar'
'lovakov' ← 'hannahrcherry'
'lovakov' ← 'AJThurston'
'lovakov' ← 'mjcilla'
'lovakov' ← 'atdgtc'
'lovakov' ← 'WRaganPHD'
'lovakov' ← 'mattcrayne'
'lovakov' ← 'IOSyIslam'
'lovakov' ← 'basel777'
'lovakov' ← 'TayeDiggs'
'lovakov' ← 'ChristeenGeorge'
'lovakov' ← 'smtitov'
'lovakov' ← 'DrDavidBallard'
'lovakov' ← 'jjv_7'
'lovakov' ← 'Hawkinfir'
'lovakov' ← 'Elias_Be'
'lovakov' ← 'GriefResearch'
'lovakov' ← 'rhiannon_turner'
'lovakov' ← 'neilmorelli'
'lovakov' ← 'JohnSlifka'
'lovakov' ← 'PeddyrBeg'
'lovakov' ← 'drhelenscott'
'lovakov' ← 'nikaadamian'
'lovakov' ← 'stevenrogelberg'
'lovakov' ← 'SilverbackBlog'
'lovakov' ← 'PLOS'
'lovakov' ← 'ABP2014conf'
'lovakov' ← 'russell_o_O'
'lovakov' ← 'VlDominiak'
'lovakov' ← 'PsySerg2'
'lovakov' ← 'AlexJansenBirch'
'lovakov' ← 'timolarisa'
'lovakov' ← 'Schade92'
'lovakov' ← 'ECP2015'
'lovakov' ← 'TammyDAllen'
'lovakov' ← 'thearistarx'
'lovakov' ← 'PsyForte'
'lovakov' ← 'Books4People'
'lovakov' ← 'vigonsky'
'lovakov' ← 'Org_Psyc'
'lovakov' ← 'Shmubina'
'lovakov' ← 'Routledgepsych'
'filipcou' ← 'koltaijuli'
'filipcou' ← 'LnrdRizzo'
'filipcou' ← 'Carol_63141'
'filipcou' ← 'lespin'
'filipcou' ← 'Kuo1998'
'filipcou' ← 'Esmeralda_98884'
'filipcou' ← 'SocioVizNet'
'filipcou' ← 'anilupm24'
'filipcou' ← 'JohnCajasGuijar'
'filipcou' ← 'luismoretaC'
'filipcou' ← 'seb_grijalva'
'filipcou' ← 'vanshil_shah'
'filipcou' ← 'alejo8vizuete'
'filipcou' ← 'St_Zar'
'filipcou' ← 'yyaddi'
'filipcou' ← 'cltorres1'
'filipcou' ← 'Networks2021'
'filipcou' ← 'alsurina'
'filipcou' ← 'davillacis'
'filipcou' ← 'alenu3011'
'filipcou' ← 'ForecastWater'
'filipcou' ← 'cuihaosabrina'
'filipcou' ← 'nerdsitu'
'filipcou' ← 'winter_complex'
'filipcou' ← 'jjimenezp71'
'filipcou' ← 'InovasSpA'
'filipcou' ← 'DrJamesDManning'
'filipcou' ← 'AleMGranda'
'filipcou' ← 'citygeographics'
'filipcou' ← 'Danniii222'
'filipcou' ← 'Niko2550'
'filipcou' ← 'roxyzamb'
'filipcou' ← 'LeovercitoCheme'
'filipcou' ← 'mgrivadeneira'
'filipcou' ← 'masquesig'
'filipcou' ← 'sandreyfranco'
'filipcou' ← 'julianagaertner'
'filipcou' ← 'ayv_jonathan'
'filipcou' ← 'GuiselInapanta'
'filipcou' ← 'InfoFlorabela'
'filipcou' ← 'hmarhiana'
'filipcou' ← '6al0'
'filipcou' ← 'cardenasdayann1'
'filipcou' ← 'Diegosmiles'
'filipcou' ← 'Annabella923'
'filipcou' ← 'lissetyparedes'
'filipcou' ← 'andres_fer123'
'filipcou' ← 'samir_bara'
'filipcou' ← 'Cultura_epn'
'filipcou' ← 'RDavidPueblaR'
'filipcou' ← 'FatoEndara'
'filipcou' ← 'valebb88'
'filipcou' ← 'GJimenez95'
'filipcou' ← 'tduixego'
'filipcou' ← 'SilverCat89'
'filipcou' ← 'LunaSabinaParra'
'filipcou' ← 'chemconsultors'
'filipcou' ← 'AlexandraPastaz'
'filipcou' ← 'emanuelqx'
'filipcou' ← 'hxeo'
'filipcou' ← 'AsoICEF2013'
'filipcou' ← 'msrobot_d'
'filipcou' ← 'merys'
'filipcou' ← 'CynthiaBSCArmas'
'filipcou' ← 'IvanOrellana86'
'filipcou' ← 'indioandino'
'filipcou' ← 'nslucerov'
'filipcou' ← 'yerovi84'
'filipcou' ← '0DiSo1'
'pallabp' ← 'CarolConnare'
'pallabp' ← 'AngvanRensburg'
'pallabp' ← 'DhirendraPadhan'
'pallabp' ← 'g3om4c'
'pallabp' ← 'Dublin_kshankar'
'pallabp' ← 'saraparmhed'
'pallabp' ← 'liu_ost'
'pallabp' ← 'Janete_Estevao'
'pallabp' ← 'psm_os'
'pallabp' ← 'CokoFoundation'
'pallabp' ← 'AlexKostyuk2'
'pallabp' ← 'Devanandk'
'pallabp' ← 'allegraswift'
'pallabp' ← 'ArmenYuri'
'pallabp' ← 'OpenScienceR'
'pallabp' ← 'FrancesRyanPhD'
'pallabp' ← 'Pankaj63949143'
'pallabp' ← 'ShenmengXu'
'pallabp' ← 'wisealic'
'pallabp' ← 'WZbfQX3kN5xjtdV'
'pallabp' ← 'Ehsanwlv'
'pallabp' ← 'SangyShrestha'
'pallabp' ← 'Sarah_Slowe'
'pallabp' ← 'paban9439'
'pallabp' ← 'natarajan2099'
'pallabp' ← 'KotsemirMaxim'
'pallabp' ← 'CMCSatBU'
'pallabp' ← 'BiswalKetakee'
'pallabp' ← 'sharmarainika'
'pallabp' ← 'fosterscience'
'pallabp' ← 'rose0037'
'pallabp' ← 'bsdhsfsdf343'
'pallabp' ← 'ScholrlyCommons'
'pallabp' ← 'SumitPr02821644'
'pallabp' ← 'Science_Open'
'pallabp' ← 'Biswaji00023584'
'pallabp' ← 'aijingtip'
'pallabp' ← 'pkp'
'pallabp' ← 'LaurianW'
'pallabp' ← 'figshare'
'pallabp' ← 'openscience'
'pallabp' ← 'eomalea'
'pallabp' ← 'McDawg'
'pallabp' ← 'iaravps'
'pallabp' ← 'n_simons'
'pallabp' ← 'gaurav8k'
'pallabp' ← 'Akash963343'
'pallabp' ← 'Diztechpost1'
'pallabp' ← 'Ashish126Deb'
'pallabp' ← 'kailashbishtro1'
'pallabp' ← 'RautrayAswini'
'pallabp' ← 'or0214718'
'pallabp' ← 'mallinathapura'
'pallabp' ← 'omprakashram'
'pallabp' ← 'ramakantasahu'
'pallabp' ← 'Jamale_Ghossein'
'pallabp' ← 'TmPALLAB'
'pallabp' ← 'mdigesh555'
'pallabp' ← 'dinesh_dkn'
'pallabp' ← 'dugar_vidhi3'
'Simon07835729' ← 'BrowolvesFx'
'Simon07835729' ← 'monster_staff'
'Simon07835729' ← 'WalterFRSA'
'Simon07835729' ← 'Jude13Contendf1'
'Simon07835729' ← 'Metanoi93745576'
'Simon07835729' ← 'EmmanuelDetrini'
'Simon07835729' ← 'TaniaK08534738'
'Simon07835729' ← 'brsoftech_jiten'
'Simon07835729' ← 'tour4eu'
'Simon07835729' ← 'HNR_org'
'Simon07835729' ← 'EVQuants'
'Simon07835729' ← 'Tauschhandel'
'Simon07835729' ← 'CompNetLife2019'
'Simon07835729' ← 'BigDataFinance'
'Simon07835729' ← 'rayohauno'
'Simon07835729' ← 'freedaaron'
Not authorized.
'NetworkTremieu' ← 'ramirezf4fw47'
'NetworkTremieu' ← 'AmandaB75952978'
'NetworkTremieu' ← 'SocioVizNet'
'NetworkTremieu' ← 'Hettie16293985'
'NetworkTremieu' ← 'jparkinson_csed'
'NetworkTremieu' ← 'SaraNicoletti5'
'NetworkTremieu' ← 'PennBElabs'
'NetworkTremieu' ← 'FarahGriselda2'
'NetworkTremieu' ← 'ShirleneWang'
'NetworkTremieu' ← 'UnforgettableRS'
'NetworkTremieu' ← 'sadeghhashemi18'
'NetworkTremieu' ← 'MarielSBello'
'NetworkTremieu' ← 'josemarfdc'
'NetworkTremieu' ← 'Comsotec'
'NetworkTremieu' ← 'fcaram2003'
'NetworkTremieu' ← 'SciCompAalto'
'NetworkTremieu' ← 'AmalElfallah'
'NetworkTremieu' ← 'davorjord'
'NetworkTremieu' ← 'conscious_tlab'
'NetworkTremieu' ← 'Fetu_Ethio'
'NetworkTremieu' ← 'GabriellaWLove'
'NetworkTremieu' ← 'SomayeSheykhali'
'NetworkTremieu' ← 'AmyHkiss'
'NetworkTremieu' ← 'daniel_derock'
'NetworkTremieu' ← 'pywirrarika'
'NetworkTremieu' ← 'MasterScrat'
'NetworkTremieu' ← 'matteo_brainnet'
'NetworkTremieu' ← 'SocSciMcAndrew'
'NetworkTremieu' ← 'yuoaei'
'NetworkTremieu' ← 'NetworksGender'
'NetworkTremieu' ← 'Networks2021'
'NetworkTremieu' ← 'chrisecoleman'
'NetworkTremieu' ← 'Spiralizing'
'NetworkTremieu' ← 'toshi_tanizawa'
'NetworkTremieu' ← '105groupscience'
'NetworkTremieu' ← 'f_nanni'
'NetworkTremieu' ← 'GECCO2019'
'NetworkTremieu' ← 'VincenzoPerri2'
'NetworkTremieu' ← 'SergioGDevelop'
'NetworkTremieu' ← 'stirbu_ion'
'NetworkTremieu' ← 'datadrivendata'
'NetworkTremieu' ← 'abhijeetrs'
'NetworkTremieu' ← 'winter_complex'
'NetworkTremieu' ← 'CNE_EBS'
'NetworkTremieu' ← 'SonyCSLParis'
'NetworkTremieu' ← 'rayohauno'
'NetworkTremieu' ← 'slowride1001'
'NetworkTremieu' ← 'hungphan86'
'NetworkTremieu' ← '6BillionPeople'
'NetworkTremieu' ← 'AmericaNude'
'NetworkTremieu' ← '_soy_infiel'
'NetworkTremieu' ← 'MichaelMandas'
'NetworkTremieu' ← 'LovelyCurves3'
'NetworkTremieu' ← 'Susanclub69'
'NetworkTremieu' ← 'RocioSexy24'
'NetworkTremieu' ← 'KateScroggs'
'NetworkTremieu' ← 'AshaMoe143'
'NetworkTremieu' ← 'tupornocasero'
'NetworkTremieu' ← 'DVHDBSAS2'
'NetworkTremieu' ← 'asaswqreyg23101'
'NetworkTremieu' ← 'rishabch44'
'NetworkTremieu' ← 'bethyalb23k'
'NetworkTremieu' ← 'AskReddit_ES'
'NetworkTremieu' ← 'RivichiClothing'
'NetworkTremieu' ← 'TambraBravard93'
'NetworkTremieu' ← 'stillreal2us'
'NetworkTremieu' ← 'MrRj09454720'
'NetworkTremieu' ← 'severinehot'
'NetworkTremieu' ← 'apalmada_mao'
'NetworkTremieu' ← 'UniversalGraceF'
'NetworkTremieu' ← 'ElwitzD'
'NetworkTremieu' ← 'kieutrinh199'
'NetworkTremieu' ← 'CarolynSolomo14'
'uskudarli' ← 'gokalpdemirci'
'uskudarli' ← 'suklovski1'
'uskudarli' ← 'Onlywonder16'
'uskudarli' ← 'oarticul8'
'uskudarli' ← 'zaferNasa'
'uskudarli' ← 'K_E_S___17'
'uskudarli' ← '____pos____'
'uskudarli' ← 'Imanliejderiya'
'uskudarli' ← 'alkksl'
'uskudarli' ← 'ylmzmra'
'uskudarli' ← 'SezenBayhan'
'uskudarli' ← 'atalayfyirik'
'uskudarli' ← 'denge_s'
'uskudarli' ← 'remziduzagac'
'uskudarli' ← 'zudiay'
'uskudarli' ← 'Avmlerdenbiktik'
'uskudarli' ← 'FipVenus'
'uskudarli' ← 'SUGIANT67424225'
'uskudarli' ← 'nazaslan'
'uskudarli' ← 'fepersembe'
'uskudarli' ← 'ardaa_aker'
'uskudarli' ← 'DenizBilgeAkko1'
'uskudarli' ← 'SerdariHakanRam'
'uskudarli' ← 'ugurtosunnn'
'uskudarli' ← 'iktisatmag'
'uskudarli' ← 'yasekardes'
'uskudarli' ← 'kadronb'
'uskudarli' ← 'mamimasas'
'uskudarli' ← 'ftmguney'
'uskudarli' ← 'yun_emredemirci'
'uskudarli' ← 'alanyathebest'
'uskudarli' ← 'uslumetin'
'uskudarli' ← 'aekocaaga'
'uskudarli' ← 'ilkcan__'
'uskudarli' ← 'liberbey'
'uskudarli' ← 'hgokhansari'
'uskudarli' ← 'theempire_h'
'uskudarli' ← 'cmrgnxyz'
'uskudarli' ← 'ebudur'
'uskudarli' ← 'BerfinIcke'
'uskudarli' ← 'zeabnhoj'
'uskudarli' ← 'omarozt'
'uskudarli' ← 'CranioCatch'
'uskudarli' ← 'Atakan28717445'
'uskudarli' ← 'engineerinengin'
'uskudarli' ← 'Eskobar89985792'
'uskudarli' ← 'osmanatam'
'uskudarli' ← 'dagdelen__'
'uskudarli' ← 'sapiens_data'
'uskudarli' ← 'kumsal1034'
'uskudarli' ← 'Cevahir'
'uskudarli' ← 'onuruca33_uca'
'uskudarli' ← 'futurechamber'
'uskudarli' ← 'sennuraksay'
'uskudarli' ← 'ramazankilimci'
'uskudarli' ← 'metin85627065'
'uskudarli' ← 'arjnklc'
'uskudarli' ← 'serkankasapoglu'
'uskudarli' ← 'albyrktrgl'
'uskudarli' ← 'venicemartian'
'uskudarli' ← 'sorhann'
'uskudarli' ← 'MustafaKucukP'
'uskudarli' ← 'sinanbirinci'
'uskudarli' ← 'gamblerhacke'
'uskudarli' ← 'QWomenTurkey'
'uskudarli' ← 'can_uzduran'
'uskudarli' ← 'mertaks27216572'
'uskudarli' ← 'f_cnsvr'
'uskudarli' ← 'DataEnthusiast1'
'uskudarli' ← 'zazi11402556'
'uskudarli' ← 'mrtgonul'
'uskudarli' ← 'duygusakman'
'uskudarli' ← 'mericturann'
'uskudarli' ← 'kyazilimtasarim'
'uskudarli' ← 'Mehmet__Temizel'
'uskudarli' ← 'oguza1b'
'uskudarli' ← 'hmaynen'
'uskudarli' ← 'meteuskudarli48'
'uskudarli' ← 'meczubin'
'uskudarli' ← 'mehmet6parmak'
'uskudarli' ← 'bulat_olga'
'uskudarli' ← 'logistoris'
'uskudarli' ← 'sed_os'
'uskudarli' ← 'Seyfulislam'
'uskudarli' ← 'MonoBilisim'
'uskudarli' ← 'buyukbulent84'
'uskudarli' ← 'fosgen11'
'uskudarli' ← 'mirack88'
'uskudarli' ← 'sangaibisi'
'uskudarli' ← 'dustsceawunge'
'uskudarli' ← 'melanezan'
'uskudarli' ← 'epiphenomena'
'uskudarli' ← 'Melihgurel'
'uskudarli' ← 'IUILab'
'uskudarli' ← 'hiwassuphomie'
'uskudarli' ← 'CansuUzunsimsek'
'uskudarli' ← 'eccolipse'
'uskudarli' ← 'tucunc'
'uskudarli' ← 'mhtpyn'
'uskudarli' ← 'ekremmmbal'
'uskudarli' ← 'NewYorkKasabi'
'uskudarli' ← 'floerida_'
'uskudarli' ← 'TelliogluBulent'
'uskudarli' ← 'anthillhacks'
'uskudarli' ← 'fatmanurtk'
'uskudarli' ← 'EmrecanTarakci'
'uskudarli' ← 'mccakici'
'uskudarli' ← 'omarqawasmeh'
'uskudarli' ← 'FONTEHAN'
'uskudarli' ← 'asirikiral'
'uskudarli' ← 'KarakasFeyzanur'
'uskudarli' ← 'EcemTenkolu'
'uskudarli' ← 'inanamiyorumki'
'uskudarli' ← 'ecenur_can'
'uskudarli' ← 'riopaclown'
'uskudarli' ← 'esraergin'
'uskudarli' ← 'tracikkaynak'
'uskudarli' ← 'yazilim05'
'uskudarli' ← 'AtaCoskun7'
'uskudarli' ← 'Baharmervehas'
'uskudarli' ← 'gecekusukabare'
'uskudarli' ← 'Aldemohr'
'uskudarli' ← 'pascalguyon'
'uskudarli' ← 'dilarakkl'
'uskudarli' ← 'cagla__aksoy'
'uskudarli' ← 'barisyasin'
'uskudarli' ← 'lorenahathaway'
'uskudarli' ← 'emreefendioglu'
'uskudarli' ← 'Litenger'
'uskudarli' ← 'TurkpenceDeniz'
'uskudarli' ← 'sevketkeser'
'uskudarli' ← 'kalite_severler'
'uskudarli' ← 'ugrkdz'
'uskudarli' ← 'fffppp32'
'uskudarli' ← 'ZeyneddinOz'
'uskudarli' ← 'SerdarR_Alemdar'
Rate limit reached. Sleeping for: 294
'uskudarli' ← 'ErenogluMurat'
'uskudarli' ← 'ceylanzafer'
'uskudarli' ← '___me_space__'
'uskudarli' ← 'missagain777'
'uskudarli' ← '_oguzmutlu'
'uskudarli' ← 'i_annotate'
'uskudarli' ← 'MicahAlex_'
'uskudarli' ← 'MuratGezeriu'
'uskudarli' ← 'zencefilsos'
'uskudarli' ← 'newtypeofman'
'uskudarli' ← 'irh86753o9'
'uskudarli' ← 'sagliktayz'
'uskudarli' ← 'AlisGoktas'
'uskudarli' ← 'jondevops'
'uskudarli' ← 'oflazer'
'uskudarli' ← 'gonul_ayci'
'uskudarli' ← 'oguzhan7el'
'uskudarli' ← 'kuruluskurtulus'
'uskudarli' ← 'beykentbilisim'
'uskudarli' ← 'mrtmrcbr'
'uskudarli' ← 'oguzhantas'
'uskudarli' ← 'ulgens'
'uskudarli' ← 'leventkiran_'
'uskudarli' ← 'MazeHowler'
'uskudarli' ← 'cehennemus'
'uskudarli' ← 'koraybalci'
'uskudarli' ← 'sametmacit'
'uskudarli' ← 'djangogirlstr'
'uskudarli' ← 'colochef'
'uskudarli' ← 'Karadaghuseyin5'
'uskudarli' ← 'elifbon_'
'uskudarli' ← 'oguzhanyetimogl'
'uskudarli' ← 'urasmutlu'
'uskudarli' ← 'nzmcnclk'
'uskudarli' ← 'ElifSurerMETU'
'uskudarli' ← 'melsener1'
'uskudarli' ← 'nezihepehlivan'
'uskudarli' ← 'okaliptuskafe'
'uskudarli' ← 'necmiiacikyol'
'uskudarli' ← 'CICEKDIKEN'
'uskudarli' ← 'profHasanDag'
'uskudarli' ← 'benasmith'
'uskudarli' ← 'emrebuyukozkan'
'uskudarli' ← 'ahsjsosnsnj7'
'uskudarli' ← 'srkn_zl'
'uskudarli' ← 'kivanccakmak'
'uskudarli' ← 'HallCati'
'uskudarli' ← 'deeplearningtr'
'uskudarli' ← 'eceatata'
'uskudarli' ← 'melisakrkus'
'uskudarli' ← 'kodlaco'
'uskudarli' ← 'MuallaOrhun'
'uskudarli' ← 'avciken'
'uskudarli' ← 'merhababenasli'
'uskudarli' ← 'MesutKsknn'
'uskudarli' ← 'damlakoksal'
'uskudarli' ← 'emuratdemir_'
'uskudarli' ← 'hare_brain'
'uskudarli' ← 'dywyplh'
'uskudarli' ← 'COSTIS1202'
'uskudarli' ← 'MarxistViking'
'uskudarli' ← 'TMMOB_BMO'
'uskudarli' ← 'shuimanzeyi'
'uskudarli' ← 'arifbayirli'
'uskudarli' ← 'OBirTivin'
'uskudarli' ← 'ecegelal'
'uskudarli' ← 'intizaraalim'
'uskudarli' ← 'webkutuphanesi'
'uskudarli' ← 'cengizanil'
'uskudarli' ← 'TaylanCemgilML'
'uskudarli' ← 'haski3443'
'uskudarli' ← 'salihyanikgonul'
'uskudarli' ← 'yaseminti'
'uskudarli' ← 'Passmarked'
'uskudarli' ← 'ladyofthepings'
'uskudarli' ← 'didemmgenc'
'uskudarli' ← 'meczupevi'
'uskudarli' ← 'Alpogan1'
'uskudarli' ← 'sudoappget'
'uskudarli' ← 'catrisgate'
'uskudarli' ← 'meltemp_ozer'
'uskudarli' ← 'ThatsItSir'
'uskudarli' ← 'UlkeToptanDeli'
'uskudarli' ← 'mEnesCakir'
'uskudarli' ← 'BGirtten'
'uskudarli' ← 'djangogirlsrize'
'uskudarli' ← 'techfloodstr'
'uskudarli' ← 'fatmshn'
'uskudarli' ← 'MemoriaeLog_FA'
'uskudarli' ← 'bulentozel'
'uskudarli' ← 'alespierno'
'uskudarli' ← 'djangogirlsANK'
'uskudarli' ← 'bahadir_nc'
'uskudarli' ← 'aladagemre'
'uskudarli' ← 'alikurnaz_26'
'uskudarli' ← 'theaigroup'
'uskudarli' ← 'xxyyxx68'
'uskudarli' ← 'hacernuryanaral'
'uskudarli' ← 'MehmetSalihGok'
'uskudarli' ← 'gorkemk'
'uskudarli' ← 'yunus_delibalta'
'uskudarli' ← 'fthrkl'
'uskudarli' ← 'ebolat'
'uskudarli' ← 'tgbakrkmaz'
'uskudarli' ← 'OpenHypervideo'
'uskudarli' ← 'tunahansalih'
'uskudarli' ← 'MrDataScience'
'uskudarli' ← 'kr_srivathsan'
'uskudarli' ← 'engur'
'uskudarli' ← 'indexervector'
'uskudarli' ← 'DenizDinliyor'
'uskudarli' ← 'VermontQuince'
'uskudarli' ← 'pournarakis'
'uskudarli' ← 'DarkMatter_Labs'
'uskudarli' ← 'luastorta'
'uskudarli' ← 'hajivat'
'uskudarli' ← 'ozanmert1994'
'uskudarli' ← 'Dr_Black'
'uskudarli' ← 'hiorws'
'uskudarli' ← 'alirizakeles'
'uskudarli' ← 'ScienceLoverIT'
'uskudarli' ← 'onuralpulusoy'
'uskudarli' ← 'murat_n_arar'
'uskudarli' ← 'AoumerL'
'uskudarli' ← 'dedikodcucom'
'uskudarli' ← 'sea_plus_plus'
'uskudarli' ← 'bctechnical'
'uskudarli' ← 'rmzn_tekno'
'uskudarli' ← 'kodluyoruz'
'uskudarli' ← 'faraondemetal'
'uskudarli' ← 'ogzcm58'
'uskudarli' ← 'Coworkingspace7'
'uskudarli' ← '8bit_ai'
'uskudarli' ← 'pinarkavk'
'uskudarli' ← 've_perdee_'
'uskudarli' ← 'sevJ0hn'
'uskudarli' ← 'esrayandi'
'uskudarli' ← 'HYigitGuler'
'uskudarli' ← 'KrbltSmyy'
'uskudarli' ← 'ehime15526811'
'uskudarli' ← 'atakanarikan'
'uskudarli' ← 'resetresetrrr'
'uskudarli' ← 'basarane'
'uskudarli' ← 'djangogirlsesk'
'uskudarli' ← 'turningtechy'
'uskudarli' ← 'AnneMaker'
'uskudarli' ← 'DamlaPOLAT5'
'uskudarli' ← 'mertsalur'
'uskudarli' ← 'LokmanBOZAN'
'uskudarli' ← 'selin_akbuga'
'uskudarli' ← 'uyducusirin'
'uskudarli' ← 'thenetninjauk'
'uskudarli' ← 'EmrahEker_'
'uskudarli' ← 'bsrbaasrn'
'uskudarli' ← 'yasarsafkan'
'uskudarli' ← 'egeorhanege'
'uskudarli' ← 'tantunali'
'uskudarli' ← 'sucuklufasulyee'
'uskudarli' ← 'yagmurkirkagac'
'uskudarli' ← 'DjangoGirlsBCN'
'uskudarli' ← 'MatificAP'
'uskudarli' ← 'koziLife'
'uskudarli' ← 'winengcare'
'uskudarli' ← 'MRsalakas'
'uskudarli' ← 'tugbacevizcii'
'uskudarli' ← 'ebruAkagunduz'
'uskudarli' ← 'wtmistanbul'
'uskudarli' ← 'arda_yurdakul'
'uskudarli' ← 'barun_max'
'uskudarli' ← 'BeenuGautam'
'uskudarli' ← 'm1dmen'
'uskudarli' ← 'arkarthikeyan18'
'uskudarli' ← 'HypothesisEng'
'uskudarli' ← 'ebdundar'
'uskudarli' ← 'aysnrky61'
'uskudarli' ← 'mrtozkanli'
'uskudarli' ← 'dimakoci_'
'uskudarli' ← 'SelintheGuray'
'uskudarli' ← 'Bogazici_CmpE'
'uskudarli' ← 'boununi'
'uskudarli' ← 'heritagevoices'
'uskudarli' ← 'aslitelli'
'uskudarli' ← 'furkankirac'
'uskudarli' ← 'srinaths'
'uskudarli' ← 'PozitifGelecek'
'uskudarli' ← 'GIOVANNIthaKING'
'uskudarli' ← 'aalast0vall'
'uskudarli' ← 'kozdincer'
'uskudarli' ← 'muratturhan35'
'uskudarli' ← 'TabletBot1'
'uskudarli' ← 'betuldogruozmen'
'uskudarli' ← 'orkutmurat'
'uskudarli' ← 'sirinnes'
'uskudarli' ← 'kadinyazilimci'
'uskudarli' ← 'rmaria3n'
'uskudarli' ← 'chingeez'
'uskudarli' ← 'alierkan'
'uskudarli' ← 'aysesCS'
'uskudarli' ← 'familylineage'
'uskudarli' ← 'kyzn'
'uskudarli' ← 'EpicPodcasts'
'uskudarli' ← 'iGetJobs'
'uskudarli' ← 'RAWopendata'
'uskudarli' ← 'Arda_Celebi'
'uskudarli' ← 'ozkanaykutdemir'
'uskudarli' ← 'antoninpak'
'uskudarli' ← 'wizardctp'
'uskudarli' ← 'sugar_landian'
'uskudarli' ← 'YESIMAVCI1'
'uskudarli' ← 'Montberte'
'uskudarli' ← 'bsktgc'
'uskudarli' ← 'emrephalanx'
'uskudarli' ← 'mosindi'
'uskudarli' ← 'sbeyazit'
'uskudarli' ← 'SelinnErkan'
'uskudarli' ← 'BesteBasciftci'
'uskudarli' ← 'MustafaBaydogan'
'uskudarli' ← 'atlibey_'
'uskudarli' ← 'canerderici'
'uskudarli' ← 'berkandirim'
'uskudarli' ← 'gulvarol'
'uskudarli' ← 'Meddre5911'
'uskudarli' ← 'vikramsorathia'
'uskudarli' ← 'CelalErciyes'
'uskudarli' ← 'emresunecli'
'uskudarli' ← 'gokce_baris'
'uskudarli' ← 'yatayzeka'
'uskudarli' ← 'cmericli'
'uskudarli' ← 'MSukruKuran'
'uskudarli' ← 'pyolum'
'uskudarli' ← 'ayberkozg'
'uskudarli' ← 'acarerkek'
'uskudarli' ← 'seckin206'
'uskudarli' ← 'cihatimamoglu'
'uskudarli' ← 'KdnFarkindaligi'
'uskudarli' ← 'bengee'
'uskudarli' ← 'sadikodemis'
'uskudarli' ← 'LeonMoonen'
'uskudarli' ← 'buketnazlican'
'uskudarli' ← 'yerelbakis'
'uskudarli' ← '157Cem'
'uskudarli' ← 'ms_atici'
'uskudarli' ← 'arvindkhadri'
'uskudarli' ← 'halukdogan'
'uskudarli' ← 'yenihaberistanb'
'uskudarli' ← 'tuzcuoglu1893'
'uskudarli' ← 'A11yTips'
'uskudarli' ← 'cankav'
'uskudarli' ← 'minor_ursa'
'uskudarli' ← 'ashaliniraj'
'uskudarli' ← 'aslanpoyraz54'
'uskudarli' ← 'ilkerinanc'
'uskudarli' ← 'AydanAktas'
'uskudarli' ← 'macit_emre'
'uskudarli' ← 'kafaaaraad'
'uskudarli' ← 'NASA_Vishal'
'uskudarli' ← 'Hcyldrm'
'uskudarli' ← 'seyhanmurat'
'uskudarli' ← 'cananguldas'

       Graph | 'lovrosubelj'
        Type | 'x--y'
       Nodes | 1,000 (0)
       Edges | 1,011 (0)
      Degree | 2.02
         LCC | 100.0% (1)
        Time | 0.00 sec
