1. ☼ ☽ x
2. ♣ z ♦
3. ♥ ♠ ♫
4. 7 ☼ ♠
5. ♣ y ♠
6. ♥ x ☽
7. ♠ ♥ ♪
8. z ☽ x
9. ♦ ◄ ♪
10. ☼ 7 ♥
11. ♥ y ☼
12. ☽ z ◄
13. ♪ 7 ◄
14. ♥ ☼ z
15. ♫ 7 7
16. ♦ ◄ ♠
17. ◄ ☽ ☽
18. ♣ ♦ ☽
19. z ♥ ☽
20. ♥ ♪ z
21. ♪ ♫ ♣
22. z ♠ ◄
23. z z ♪
24. y 7 z
25. ♪ z ♣
26. ♦ ☽ z
27. y ♪ ☼
28. 7 7 ♣
29. ♠ ♫ x
30. ☼ ♫ ♣
31. ♠ ♣ z
32. z ♠ ♠
33. ☼ z x
34. ♠ ☼ 7
35. ♪ ♥ z
36. x z y
37. 7 7 ♠
38. ♣ ☼ ♪
39. y y ♠
40. ◄ ♪ ♫
41. y ♣ ◄
42. ♥ ♥ x
43. ♥ ♪ y
44. ♣ 7 ♣
45. 7 ♣ ◄
46. ♫ ☽ ♣
47. ♫ ♦ ☽
48. ♦ z ♣
49. ♥ ♦ ♠
50. ♥ ♪ ♠
51. ☽ ♪ ♪
52. ♣ ☽ 7
53. ♠ y ♠
54. ♥ ◄ ♥
55. z ☼ ♦
56. ♫ ♠ z
57. y y ♪
58. ☼ y ◄
59. 7 ♫ ☽
60. y ♠ y
61. y ♠ ♥
62. y ◄ ♦
63. ♦ x ☽
64. ♠ x ◄
65. ♥ x y
66. ♥ ◄ x
67. ◄ ♣ ♫
68. ♫ ♦ ♣
69. ♣ y ♦
70. 7 x 7
71. ☽ x ♪
72. ♥ ♦ ♪
73. ♠ y ♦
74. ♠ 7 x
75. 7 ♥ ♪
76. ♪ ♪ ♥
77. z y ♫
78. ♪ ◄ ♪
79. ♦ ☽ ♥
80. ♫ ◄ ♫
81. y ♠ ♣
82. y ♥ z
83. ☽ ♦ ♠
84. y x ♪
85. z ☼ ♥
86. ♠ ☽ ♫
87. ☼ ☽ x
88. y x z
89. ☽ ♠ ♣
90. ☽ ♣ x
91. ◄ ♦ 7
92. ♠ ☽ ♫
93. ♪ ♦ ♪
94. y y 7
95. ♠ ♣ ♪
96. z x ☽
97. x x ☽
98. ◄ ♠ ♣
99. x ♦ ♪
100. ♪ ♦ ◄
101. ♦ ♪ y
102. ♠ ♠ ◄
103. ☼ ☼ ♠
104. ◄ ☼ y
105. 7 ♠ ♫
106. z ☼ x
107. ♦ ☽ ♠
108. y ◄ y
109. ♣ ◄ ♣
110. ♫ ♪ ♠
111. ☽ ♪ x
112. ☼ ♪ ♠
113. ◄ ♫ ♦
114. ☽ x ☼
115. z ♫ ☽
116. ◄ z y
117. ☼ ☽ z
118. ♠ ♥ ☼
119. ♣ ♫ ♪
120. x ☽ ☽
121. ◄ ♫ ♫
122. ♥ ☼ x
123. 7 y ◄
124. ♫ z ☽
125. ♠ x ♠
126. 7 y ◄
127. ☽ ♣ ♦
128. x ♣ ♥
129. ♣ 7 7
130. ☽ ♫ ♫
131. ♣ ☽ x
132. ♫ ♥ ☽
133. ♥ z ♣
134. ♣ ☽ z
135. x ♫ ☼
136. ☽ ♥ ♠
137. ♪ z z
138. ☼ ♣ 7
139. z y 7
140. ♪ 7 ♪
141. ♫ ☼ ♠
142. ♫ 7 ♠
143. 7 7 ♥
144. ♪ ♪ z
145. x ☼ ♠
146. x z ☼
147. y ♫ x
148. ☼ ♫ ♠
149. 7 ◄ ♦
150. ♥ 7 ♠
151. y ♪ z
152. ♫ x ♫
153. y ♣ ◄
154. ♫ y ◄
155. ♥ ☽ ☼
156. ♦ ♫ z
157. y ♦ ☽
158. ♥ ♦ ☼
159. ♣ ♣ x
160. z ♦ ♠
161. ◄ ♠ ♠
162. ♣ z ◄
163. y ♣ ♦
164. ◄ y ♥
165. ♣ ◄ ☽
166. ☼ ☽ ♫
167. ♪ ♠ y
168. ♥ ☼ ♥
169. y x ♫
170. ◄ ☼ ♫
171. y ◄ ☼
172. ☽ ☽ z
173. ☽ ☽ ☽
174. ♣ ♪ ♣
175. ♪ 7 ♫
176. ☼ y ♥
177. 7 ☼ ♫
178. y ♥ ♦
179. ♥ ♪ ◄
180. ♠ y 7
181. ☽ ♠ ☼
182. y ♠ ♦
183. 7 z ♦
184. ◄ ☼ ♪
185. 7 x ◄
186. ♣ y ♠
187. z ☽ ☽
188. ♦ ♥ ◄
189. x ♦ ◄
190. ♦ ♦ 7
191. ◄ ♦ ♦
192. y ☽ z
193. ♥ ♦ ♠
194. ◄ x y
195. ♫ ♪ ♫
196. ♫ x x
197. z ☽ ♫
198. ♣ 7 ♣
199. 7 ◄ ♫
200. ♫ ☼ y
201. ☽ y y
202. z 7 y
203. ◄ ♦ ☽
204. z ☽ ☽
205. z ☼ ♣
206. ♠ ♣ ☼
207. ♠ ◄ 7
208. x ☽ y
209. x ♣ y
210. ♥ y ♠
211. x 7 ♥
212. ♦ x ♥
213. ☼ ♪ ☽
214. ♪ y y
215. ♠ ♣ y
216. y ♪ ♠
217. ◄ ☼ ♪
218. z ♣ ☽
219. ☽ ☼ ☽
220. ♣ ♣ x
221. ♠ 7 ☽
222. z z 7
223. ☽ ♪ ♦
224. ☼ ☼ z
225. ♣ ◄ 7
226. x ♠ ♦
227. z ☽ ♦
228. x x ◄
229. x ♪ ♥
230. 7 7 ♦
231. ♣ ♠ ♥
232. ♦ ♣ ♦
233. ♪ 7 y
234. x z 7
235. 7 ☼ ☽
236. x ♥ 7
237. x ♥ ☽
238. ☽ x ☽
239. ♫ y ♦
240. x ☼ ◄
241. ♠ ♣ ♣
242. y ♫ x
243. ◄ 7 7
244. ♣ ☽ x
245. ☽ ♪ ♦
246. ♦ ♣ ♪
247. x ♠ z
248. x ♥ ♪
249. ☽ z ♫
250. ♦ ♪ y
251. ♫ ♪ z
252. ☽ ♦ ☼
253. ♣ x y
254. ☼ ◄ ☼
255. ☼ ◄ ☼
256. z ♪ ◄
257. ♣ x z
258. ♥ x 7
259. 7 ♦ ♪
260. ◄ x ♫
261. ♪ ☼ ◄
262. z ♣ 7
263. z y ☼
264. 7 ♥ ♥
265. 7 ♫ y
266. ◄ ☽ ♠
267. x ☽ ◄
268. ♣ z ♫
269. 7 ♣ ☽
270. x ♠ ☼
271. ♠ ♥ ◄
272. ☼ ♦ ♫
273. ♦ ☼ z
274. ☽ 7 ☼
275. ◄ y ♠
276. ♦ x ◄
277. ☼ ☼ ◄
278. y ♪ ☼
279. x ☼ y
280. ◄ ♠ ☽
281. z ◄ 7
282. ♦ ☼ ♫
283. z x x
284. ☽ ◄ ♪
285. ♠ 7 ♪
286. ♠ ♣ y
287. ♥ ♦ y
288. y 7 ☽
289. ♫ ♠ ♣
290. x y ♣
291. ☽ z ☽
292. ♪ ♦ y
293. ♦ y ♥
294. ♣ z ♣
295. ◄ ♣ z
296. x 7 x
297. ♣ 7 ☽
298. ☽ 7 ♣
299. ♫ ☼ ♪
300. 7 ☽ ♦
301. z y z
302. x ◄ z
303. y ♣ ♠
304. ☽ ♠ 7
305. ☼ x x
306. ☼ x ♦
307. ♦ ♣ ♪
308. ☼ ♫ ♠
309. ♪ ◄ ♣
310. z ◄ ☽
311. ☼ ♣ ♥
312. ♥ y ♠
313. z x ♥
314. x x ♫
315. ◄ ♥ z
316. ♪ ◄ ♣
317. ♥ ♠ ☼
318. 7 7 ☼
319. ♫ ♣ 7
320. ♪ ♥ ☽
321. ☼ ☽ ◄
322. ♠ ♣ ◄
323. ♣ ♣ ♠
324. ☽ ☽ ☼
325. ☽ ☽ ♠
326. ♦ ♠ ☼
327. 7 ☼ y
328. ♥ 7 ◄
329. y ☽ ◄
330. z ♪ ☽
331. ♠ z ♠
332. ◄ ♠ z
333. ♣ ♥ ♪
334. z x ♦
335. ♦ ♪ ♥
336. ♠ 7 ☽
337. ♫ ☽ ☼
338. y ♠ ☽
339. x x ☽
340. z ♠ y
341. ♥ ♥ ♦
342. ♦ ◄ ♣
343. 7 7 ♦
344. x x ♣
345. z ◄ ♪
346. 7 z z
347. ♥ ♣ ☼
348. ♫ ♥ ♣
349. ♪ ♥ ♥
350. ♦ ♫ z
351. ♪ ♥ 7
352. ☼ ♪ ☼
353. z ♣ ♫
354. ☼ ♠ ♦
355. ♣ ♫ ♦
356. ◄ ☼ ◄
357. ☽ ♫ ♥
358. 7 ☽ ☼
359. ♦ ♠ ☼
360. ♣ y z
361. ♥ ☽ ♠
362. ♣ ♫ 7
363. ♦ ♫ z
364. 7 ♦ ♥
365. ☽ ♪ ☽
366. ♠ ♪ ♦
367. 7 y ◄
368. x ♦ z
369. 7 ☽ ☽
370. ♫ 7 ♠
371. ♠ z ♣
372. ☼ ♫ 7
373. z 7 ♫
374. z z z
375. ♥ ♦ ♣
376. ♪ y ♦
377. z ♥ ☽
378. y ♪ x
379. ♣ ☽ ◄
380. ♫ ♫ ☽
381. 7 ♥ x
382. ♠ ♫ x
383. ◄ ♥ 7
384. 7 y 7
385. ♠ z ☼
386. ♥ ♦ x
387. ◄ ☼ y
388. 7 ☽ x
389. ☼ z ♫
390. ♦ ♪ ♠
391. ◄ 7 ♠
392. ◄ ◄ ☽
393. z ♣ ♥
394. 7 ♪ ☼
395. ☼ ♣ x
396. z ♠ x
397. y y ☼
398. ♣ ♥ ♪
399. ♠ ☽ y
400. ♠ x ♫
401. ♪ ♠ ☽
402. y ♥ ♦
403. ♥ ◄ z
404. ☼ ♣ 7
405. x ♥ x
406. ♪ ♥ y
407. y ♣ y
408. ♦ 7 y
409. ◄ ♪ ◄
410. x z 7
411. ♫ ♪ ♪
412. ♣ ☼ ☽
413. ♫ ♠ ◄
414. x ◄ 7
415. ◄ ◄ x
416. y ♥ ♪
417. ♦ ♦ x
418. y x x
419. ♦ ♪ 7
420. ☽ ♣ 7
421. 7 7 ☽
422. ☼ 7 ☽
423. ☼ x ♦
424. 7 7 ♠
425. ♫ ♦ z
426. 7 ♪ ☽
427. 7 ◄ ☽
428. ♥ ♥ ♫
429. ♠ ◄ ♫
430. 7 z ♪
431. z x ♠
432. ♠ ♣ x
433. ♣ ♪ ◄
434. ☼ ♣ ♦
435. ☽ ☽ x
436. ♥ ◄ 7
437. ☼ ♣ y
438. x ♣ ◄
439. ◄ ♣ ♦
440. ♠ ♠ ♦
441. 7 ♫ ♠
442. ♫ ♠ ♠
443. ♥ z ♣
444. ♦ z ☽
445. ☼ x y
446. y ◄ ♦
447. ♪ ♪ ♦
448. ♥ ♫ ☽
449. z ♫ ♣
450. ♦ x ♫
451. y ♫ ♠
452. ◄ z ♥
453. ♠ ♦ ☽
454. z ☼ ♥
455. ♥ ♫ 7
456. ♥ z ♥
457. ♠ ♫ ♥
458. ♣ ♣ ♣
459. ♫ 7 y
460. ☽ ♫ z
461. ♪ ♥ ♠
462. 7 7 7

Jackpot in 462 tries :) Well done!
