<class '__main__.Matrix'>
Matrix(5, 4, [[0.002588396502052448, 0.09120658257192638, 0.20503230013160378, 0.40172843054442375], [0.3239681103474089, 0.24062412386311893, 0.7704180294926207, 0.27608947525582406], [0.16852719588914622, 0.018347586084723644, 0.9478808298375492, 0.7787683200993054], [0.5334370618674036, 0.850198816569706, 0.9785334858715297, 0.36099753840591575], [0.572531201764346, 0.7106706982321325, 0.3578478151669362, 0.5230357540564075]])
|  0.00  0.09  0.21  0.40 |
|  0.32  0.24  0.77  0.28 |
|  0.17  0.02  0.95  0.78 |
|  0.53  0.85  0.98  0.36 |
|  0.57  0.71  0.36  0.52 |

5
4
(5, 4)
2.430591817582335
'Matrix' object has no attribute 'get_trace'

[0.002588396502052448, 0.09120658257192638, 0.20503230013160378, 0.40172843054442375]
0.09120658257192638

matrix and vector dimensions mismatch

[0, 1, 2, 0.712410679936548]
[0, 0.08057275243713391, 2, 0.712410679936548]

|  0.57  0.29  0.28  0.64 |
|  0.96  0.06  0.45  0.84 |
|  0.28  0.17  0.33  0.43 |
|  0.39  0.72  0.27  0.95 |
|  0.23  0.31  0.81  0.44 |

|  0.57  0.37  2.28  1.36 |
|  1.29  0.30  1.22  1.12 |
|  0.45  0.18  1.28  1.20 |
|  0.93  1.57  1.25  1.32 |
|  0.80  1.02  1.17  0.97 |

|  0.57  0.37  2.28  1.36 |
|  1.29  0.30  1.22  1.12 |
|  0.45  0.18  1.28  1.20 |
|  0.93  1.57  1.25  1.32 |
|  0.80  1.02  1.17  0.97 |

|  0.47  0.69  0.16  0.32  0.19 |
|  0.29  0.85  0.69  0.82  0.38 |
|  0.65  0.51  0.32  0.32  0.02 |
|  0.09  0.91  0.05  0.08  0.53 |

|  6.08  7.53  5.80  6.12  5.70 |
|  5.42  6.87  5.14  5.46  5.04 |
|  4.62  6.08  4.35  4.66  4.25 |
|  6.57  8.02  6.29  6.61  6.19 |
|  5.46  6.92  5.19  5.50  5.09 |

|  6.08  7.53  5.80  6.12  5.70 |
|  5.42  6.87  5.14  5.46  5.04 |
|  4.62  6.08  4.35  4.66  4.25 |
|  6.57  8.02  6.29  6.61  6.19 |
|  5.46  6.92  5.19  5.50  5.09 |

<class '__main__.Square'>
Square(4, [[0.07718690499085956, 0.49138196806978396, 0.003240592677140275, 0.02037022286079071], [0.12389052389224098, 0.3163114623431621, 0.4382550851421303, 0.5738884507940427], [0.7508012136896219, 0.1075647202153156, 0.33147965929488943, 0.5298999599632952], [0.5692107477792909, 0.08883727930215146, 0.8694566006226835, 0.4299890795145572]])
|  0.08  0.49  0.00  0.02 |
|  0.12  0.32  0.44  0.57 |
|  0.75  0.11  0.33  0.53 |
|  0.57  0.09  0.87  0.43 |

4
(4, 4)
1.7672975049639346
1.1549671061434683

<class '__main__.Triangular'>
Triangular(3, [[0.9919144182943721, 0.4537084812261579, 0.6193741980541472], [0, 0.3907673053648163, 0.002103644466321941], [0, 0, 0.7164079516319988]])
|  0.99  0.45  0.62 |
|  0.00  0.39  0.00 |
|  0.00  0.00  0.72 |

3
(3, 3)
1.4964337144677355
2.099089675291187

<class '__main__.Identity'>
Identity(4, [[1, 0, 0, 0], [0, 1, 0, 0], [0, 0, 1, 0], [0, 0, 0, 1]])
|  1.00  0.00  0.00  0.00 |
|  0.00  1.00  0.00  0.00 |
|  0.00  0.00  1.00  0.00 |
|  0.00  0.00  0.00  1.00 |

4
(4, 4)
2.0
4

[1, 0, 0, 0]
0

unsupported operation for this class

<class '__main__.Vector'>
Vector(5, [0.6143446061275989, 0.9665468758668163, 0.48335938097680375, 0.22808195818075427, 0.6420620354095379])
|  0.61 |
|  0.97 |
|  0.48 |
|  0.23 |
|  0.64 |

5
5
(5, 1)
1.4175801516902182
1.0

0.4333755699069993
0.19453885654689884

|  0.63 |
|  0.74 |
|  0.20 |
|  0.58 |
|  0.29 |

|  0.82 |
|  1.42 |
|  0.54 |
|  0.74 |
|  0.75 |

|  0.82 |
|  1.42 |
|  0.54 |
|  0.74 |
|  0.75 |

2.332803523567176
2.332803523567176

|  0.52 |
|  1.06 |
|  0.11 |
|  0.43 |
|  0.22 |

<class '__main__.Indicator'>
Indicator(5, [0, 0, 1, 0, 0])
|  0.00 |
|  0.00 |
|  1.00 |
|  0.00 |
|  0.00 |

5
5
(5, 1)
1.0

| 15.62 |
| 14.08 |
| 12.23 |
| 16.76 |
| 14.18 |

| 15.80 |
| 14.18 |
| 12.24 |
| 16.99 |
| 14.29 |

