1. y 7 ♠
2. ♫ ♫ x
3. ♪ y ♪
4. ♣ ♠ ♥
5. z z ☽
6. ♠ ◄ ♦
7. ♣ ☽ ◄
8. x ♫ ♦
9. ♦ ◄ 7
10. ◄ y ♥
11. ☼ ♣ y
12. ♪ y ♣
13. x ☼ ♥
14. 7 ♫ x
15. 7 ♫ ♣
16. ♣ ☼ z
17. ♫ z 7
18. x 7 ◄
19. ☼ ☼ ♦
20. ♥ ♠ ♣
21. ☽ z x
22. ♫ x 7
23. z ♦ ♫
24. ♣ z z
25. 7 ◄ x
26. ♪ z y
27. x ☽ ♥
28. 7 ♥ ☽
29. ♫ y ♣
30. ◄ ◄ ♫
31. y x ☽
32. y y ☼
33. ☽ ☼ ♠
34. y ◄ ☼
35. ◄ ♦ ◄
36. x ☽ ☽
37. ☼ ☽ ♦
38. 7 z ♠
39. ♣ z 7
40. ♫ ◄ ☼
41. ♥ ♦ ♣
42. ♫ z ♥
43. 7 ♪ z
44. ♫ ☼ ☽
45. ☼ ♦ ♥
46. y x ♣
47. ☽ ♥ ♣
48. ♦ ♣ ♠
49. ♫ ♣ ♦
50. ♣ x ♠
51. ♫ ☽ y
52. ♦ ♥ 7
53. ♣ ♣ ♠
54. ♫ x x
55. x ♥ 7
56. ◄ z ♪
57. ♠ x ♠
58. ♪ ♫ ♠
59. ♫ ☽ ♣
60. x x ♥
61. ☽ z ♥
62. ♫ ◄ 7
63. ☼ ☽ ♫
64. ♥ ♣ ◄
65. ◄ 7 y
66. 7 ♣ ♣
67. ♠ ☽ y
68. x y x
69. ♠ ◄ ♠
70. ♪ ♥ z
71. x ♪ 7
72. ☼ ☼ ♣
73. y ♠ ♦
74. ☽ ♥ ♪
75. ♥ 7 x
76. ♦ 7 ♥
77. ♪ ◄ 7
78. ☼ ♪ 7
79. ◄ 7 7
80. ♫ ♠ ♣
81. ♦ ☽ z
82. ♪ ☼ y
83. ☽ ♪ ♥
84. ☽ 7 ♫
85. x ♠ ♪
86. ♪ ♠ y
87. ☽ ♣ ☼
88. ◄ ♠ ♪
89. z ♪ y
90. ♦ ♠ ☽
91. y ☼ ◄
92. ♦ y ◄
93. ♦ ♦ ♣
94. ☼ ♥ x
95. ☽ ♣ z
96. ☼ ☽ 7
97. ☽ ♦ ♫
98. x ♫ x
99. ♫ ☽ x
100. z ♥ ♦
101. ♣ ♠ ♣
102. ♣ y ♪
103. ♥ z z
104. ♫ ♦ ◄
105. ☽ z y
106. ♥ ♥ ♥
107. ♠ ♫ ♥
108. ♣ ♥ ♥
109. x x ◄
110. ♥ ♣ ♫
111. ◄ ♪ ☽
112. z ☼ ♣
113. ◄ ☼ 7
114. ♫ ♥ ☼
115. y ◄ ☼
116. y ♪ y
117. ◄ ♥ ♪
118. z y ◄
119. ♠ y ♣
120. ♪ ♫ ♦
121. ◄ 7 ♠
122. z ◄ ☽
123. z ♥ ☼
124. y ♥ x
125. ♣ ♣ ♫
126. ♦ 7 7
127. ♠ ♥ ♥
128. ☽ 7 ♥
129. ☽ 7 ♥
130. ♠ ♦ ♥
131. ♦ ♦ z
132. x ♠ ♠
133. z ♠ ♦
134. x y ☼
135. ◄ ☼ ☽
136. ☽ ♦ z
137. z x ♣
138. ♪ z x
139. ♠ y ☼
140. y ♠ ♣
141. ◄ x z
142. ☽ ♪ ♫
143. ♥ 7 ♫
144. ♫ ♪ ☽
145. ♦ ☽ ♠
146. ♪ y ♫
147. x 7 ♦
148. y ♣ ♥
149. ☽ y ♫
150. y ☽ x
151. ♦ z ♫
152. ♥ ☼ ♦
153. y ♫ ♠
154. 7 ♥ 7
155. x y ♫
156. y ♪ 7
157. ♥ ◄ y
158. ☽ x ◄
159. x ♦ ☽
160. ♠ ♣ ☽
161. ☽ ☽ ☼
162. ☽ z ☽
163. y 7 ◄
164. x 7 ♦
165. z ☽ ☼
166. ☽ ♥ x
167. ♫ y ♠
168. x ♠ z
169. ♪ x ♣
170. ♫ ♣ ♠
171. 7 ♦ ☽
172. ♣ z ♥
173. 7 ☼ ♫
174. ♪ y y
175. ♦ ☼ ♥
176. ♣ ♥ ☽
177. ♥ ♠ 7
178. ♦ ☼ ◄
179. ♦ x ♫
180. ♣ y ♣
181. ♠ y ☽
182. ♪ ☽ ♣
183. ☼ x ☼
184. ♪ ♠ 7
185. ♪ ◄ ☽
186. x 7 ♦
187. ♪ y ♪
188. ☼ ♦ z
189. ♦ ♦ ♦
190. ◄ x z
191. ◄ y ☽
192. ☼ 7 ◄
193. ☽ ♣ x
194. 7 ☼ z
195. 7 ♫ ♫
196. 7 z x
197. y ♣ ♠
198. 7 ☼ z
199. ♣ z ♦
200. ☼ ♦ ♣
201. ♥ ♠ ♥
202. ◄ ☼ ♦
203. z ♣ ♠
204. z ♦ 7
205. y 7 ◄
206. ♦ ☼ x
207. ☽ x ◄
208. 7 ♦ ♫
209. y ♥ ♠
210. ◄ 7 ♪
211. ♣ ♠ ☼
212. 7 z 7
213. ♣ x ◄
214. ♪ ♪ ◄
215. ♦ ☼ ♥
216. 7 ☼ ♫
217. ◄ ♫ y
218. z ☽ z
219. ◄ 7 ♥
220. x x ☼
221. ♣ ☼ ☼
222. ♣ ♠ y
223. ♫ 7 z
224. ♪ y ♪
225. ♪ z ♦
226. ♥ ☽ ♥
227. ♥ ☽ 7
228. ♣ ♪ ♣
229. ♠ y x
230. 7 ☼ ♠
231. x ◄ x
232. ♫ ♥ z
233. ♥ y ☼
234. 7 ♠ z
235. ♥ ♥ y
236. 7 ◄ y
237. 7 x z
238. ♦ ♫ ♣
239. ◄ ☽ ☼
240. x ◄ x
241. ◄ ♪ ♪
242. ♠ ♦ y
243. z ◄ z
244. ♦ ♠ ♦
245. ♫ x ◄
246. ♣ ◄ ♦
247. ♠ 7 ☽
248. ♪ ♫ ♠
249. ◄ x x
250. z ♠ z
251. ♥ ♥ ♥
252. ♣ 7 7
253. ♦ ♦ ☽
254. ♠ 7 ♥
255. ☼ ♪ 7
256. ♣ ☼ ♣
257. y ♠ ◄
258. y ☼ ◄
259. ♪ ♥ ☽
260. ♪ ♣ ☼
261. ♥ ☼ ♣
262. ♠ 7 ♣
263. ♫ ◄ ☽
264. z ◄ z
265. y ♥ ♠
266. y 7 ◄
267. ♣ z ♪
268. 7 7 ♪
269. ◄ ♣ ♪
270. ♫ x z
271. ☽ ☼ ♪
272. ◄ ♣ ☼
273. y ☼ z
274. ◄ ♣ ♥
275. ♪ ♦ y
276. x ☽ x
277. ♦ ☼ ♥
278. ♪ ♥ ♪
279. ♪ ♣ z
280. z ◄ ♫
281. 7 ♦ ♫
282. 7 ♠ z
283. x 7 ♦
284. ♪ ♪ ♪
285. ◄ ◄ ♫
286. ◄ ☽ ♠
287. ☽ ♦ y
288. x x ♦
289. ♥ 7 ♫
290. ☼ z y
291. z ♪ ☼
292. y ◄ 7
293. ♠ 7 ☽
294. ☼ 7 ♥
295. ♫ ♪ ♫
296. ♫ ☼ ♣
297. ♥ ☼ ♥
298. ◄ ♠ x
299. ♫ ☼ ♫
300. y ♠ ☼
301. ♥ ◄ y
302. ♥ z x
303. ♣ ♦ ♠
304. ♠ ☽ ♥
305. ♦ x ☼
306. z ◄ ☽
307. ♪ ◄ ☼
308. 7 x y
309. ♫ ☽ ♪
310. ♫ z ♫
311. ◄ ♫ ♪
312. ◄ ♥ 7
313. ♦ y ♥
314. ◄ ♠ x
315. ☽ z ♦
316. ♪ ♫ ♥
317. ♪ ♦ ☽
318. z z ♥
319. ♥ ♦ ♠
320. ♥ ♫ ◄
321. ☽ ☽ y
322. ♫ ♣ ♪
323. ◄ ♣ ♥
324. x z ☽
325. ♣ ☼ ☼
326. ♫ ☽ ♪
327. ♪ ♠ ♪
328. x ♪ ♣
329. ♦ y x
330. ♪ ◄ ♪
331. ◄ ♠ ♫
332. ◄ ☼ ♫
333. ◄ x z
334. ◄ z ◄
335. ♪ ♦ ♪
336. ◄ ☼ 7
337. x x ☼
338. ♣ 7 y
339. x y ♥
340. ☼ 7 ☽
341. ◄ ♪ y
342. ☼ ◄ 7
343. 7 ♥ x
344. z ♥ ♣
345. ☼ ◄ ♠
346. ♥ 7 ♣
347. ◄ ♥ ♫
348. ◄ y ♠
349. ♥ z 7
350. y ♦ y
351. ♦ z y
352. ☼ ☼ z
353. ♠ 7 ♠
354. ♣ ◄ ☽
355. ♦ ♠ ♣
356. ♦ ♫ ♠
357. z x y
358. ♥ ☼ ♠
359. ♦ ♫ z
360. y y ☼
361. z ◄ z
362. ♠ ♪ ♠
363. ♫ ♦ ♦
364. ♥ ♦ ♣
365. ☼ ♦ ☽
366. y ♦ ♥
367. ◄ ♦ ◄
368. ♥ 7 ♥
369. 7 ♪ ◄
370. 7 ♥ ♣
371. ♣ ☽ ♫
372. ♠ ♥ 7
373. ♠ ♫ ♥
374. ♣ x ♣
375. y ♦ ♪
376. ☼ y ♫
377. 7 ☽ ♫
378. ♪ ♣ ♦
379. ◄ ☽ z
380. ♠ ♥ ♫
381. ♣ ♥ y
382. ♠ ♠ 7
383. 7 ☼ ◄
384. 7 z ☼
385. ♥ ♦ ♥
386. y ♠ ♣
387. ◄ z ♣
388. ♣ y ☼
389. ♥ x ☼
390. x ☽ x
391. ☽ ♣ ♫
392. 7 ☽ ♠
393. x ☽ ♣
394. y ♣ ☼
395. 7 ♥ x
396. x ◄ y
397. ♫ z ♦
398. z 7 ◄
399. ☽ ♦ ♦
400. z ◄ ♣
401. x ☼ ♦
402. ♪ ☼ ♠
403. ♥ ♥ y
404. ♠ ♠ ◄
405. ♥ z y
406. ♪ ☼ ♪
407. 7 ♦ ♦
408. ♥ ♠ ♫
409. x ♥ 7
410. x ☼ ◄
411. ♣ x ♫
412. ☽ ♣ ♠
413. ☼ ☼ 7
414. ♪ ♠ ◄
415. x ♪ ♣
416. ☼ ♥ ♠
417. 7 z x
418. ♫ z ♠
419. ☽ ♣ ♣
420. ♪ ♠ ♥
421. ♦ ♥ ♥
422. ♦ ♠ ☼
423. 7 ♠ ◄
424. ♪ ♠ ♪
425. 7 ◄ ♥
426. ◄ ☼ ◄
427. ◄ ♥ ♠
428. ◄ x ♦
429. ☽ x ♠
430. ♦ ♥ ♫
431. z x ♪
432. ♫ ♥ y
433. z 7 ☽
434. ☽ ☽ ♦
435. ♠ ☼ 7
436. x ☽ x
437. ♥ ♠ ♠
438. ♣ ☽ ☼
439. ♦ ♦ 7
440. ♪ ♪ ◄
441. z 7 ♣
442. y ♪ ◄
443. ☽ ♫ ◄
444. x y ♦
445. ♦ ☽ 7
446. ♣ ◄ ♦
447. ◄ ♣ x
448. ♦ ♦ ☼
449. ♠ x ♣
450. ☼ y ☼
451. ♥ ☼ ♥
452. ☽ ♪ z
453. z ♦ z
454. ♫ ☽ ♣
455. z y z
456. ♦ ♦ x
457. z ♦ y
458. ♠ ☼ ☽
459. ♫ ◄ ♫
460. ☽ ♣ 7
461. ♪ ♦ 7
462. ♫ y ♥
463. ♪ ◄ ♠
464. ◄ ♣ y
465. ♪ ♣ ♦
466. z ♫ ♫
467. x y ♫
468. y ♫ 7
469. ♥ ♦ ◄
470. ♪ ◄ z
471. ♠ z ◄
472. ♦ ◄ 7
473. ♪ ♫ ♣
474. ◄ ♦ z
475. ☼ ☽ ♪
476. ♫ ♪ ☽
477. ♫ z ♦
478. ♪ z x
479. ♦ y ♦
480. ♥ ◄ ♠
481. ♠ x ♥
482. x z 7
483. y ♠ x
484. ☽ 7 ♦
485. 7 ♣ 7
486. ◄ ♪ ☼
487. ☽ ◄ ♥
488. 7 ☼ ☼
489. ◄ ♦ x
490. ◄ ♦ 7
491. y ♦ ◄
492. ♥ ☼ y
493. 7 y y
494. x ☽ ♦
495. ♫ x ♦
496. ◄ x 7
497. ♥ ☼ ☽
498. ♦ x ♣
499. z 7 ☽
500. ♦ ♪ y
501. ♣ ♠ ♪
502. 7 ♫ ☽
503. ♫ ♪ ☽
504. 7 ☽ z
505. x ♥ ♪
506. ♪ ☼ ♠
507. ♪ 7 ♠
508. ♣ y ♫
509. ♦ x ♣
510. ◄ ♦ x
511. ◄ ♦ ♪
512. ♥ y x
513. z ♣ y
514. ♦ y ♠
515. z ☼ ♠
516. ♦ ◄ y
517. ◄ y ♦
518. y ♥ ♫
519. ♪ y y
520. ☼ ◄ x
521. ♠ ♠ ☽
522. ☽ z ♪
523. ♣ ☽ ♫
524. ♠ ◄ 7
525. ♫ ♥ x
526. ◄ ◄ ☽
527. ♫ 7 ♫
528. y 7 ☽
529. ♣ ◄ ♫
530. ◄ ♪ ♦
531. ◄ ☼ z
532. ♥ ◄ ♫
533. y ♠ ♫
534. y ♦ ♪
535. ♫ ♠ ☽
536. z ☼ ♪
537. z z y
538. ♦ ◄ z
539. x ♫ ♣
540. ♣ 7 ♠
541. y ♠ 7
542. ◄ z ♦
543. x ☼ ♪
544. ♫ ♫ ♥
545. z ♫ y
546. ♥ ♥ ☽
547. ♪ y x
548. ☼ z ♣
549. ♣ z 7
550. x ♥ z
551. y y ♫
552. ♪ ☼ ♦
553. ♥ x ♣
554. ◄ ☼ ♦
555. ♠ ♪ ☼
556. ☽ ◄ ♥
557. ◄ ☽ ♦
558. ☽ ♣ x
559. ♫ ☼ z
560. x ♪ z
561. ♪ ♦ ♣
562. ♪ ♥ y
563. x 7 ☽
564. 7 y x
565. x ♣ z
566. ♣ ◄ ♠
567. ♣ ♫ y
568. ☽ ♥ z
569. ♫ ☼ ☽
570. ♠ ♪ ♥
571. ♠ z z
572. y ♦ ♠
573. ☼ ☽ ☼
574. ♣ x z
575. x ◄ ◄
576. z ♦ z
577. 7 ♫ ♪
578. y ♦ ◄
579. z ☽ ◄
580. x ☽ ♪
581. ♣ 7 ♫
582. y z ♥
583. ♫ ♫ x
584. z ◄ ☽
585. ♫ ☼ ♫
586. ♪ ☽ y
587. ☼ 7 ☽
588. ◄ ♣ ♪
589. ☼ z ♣
590. z ♫ y
591. 7 ◄ ♥
592. ♠ ♠ ☽
593. ♦ ♪ ☼
594. 7 ♦ ♠
595. 7 ♫ z
596. ☼ ♪ z
597. 7 ◄ ♦
598. ♥ ♥ z
599. ♥ y ☼
600. ♫ ♠ ♫
601. y ♪ ♦
602. ☽ ◄ x
603. ☽ 7 ♠
604. x 7 7
605. 7 ♥ ♦
606. ♪ ♠ ♪
607. ♪ 7 ◄
608. ☽ ♦ ♦
609. ♪ ☼ z
610. ☽ ◄ ♣
611. ◄ ♫ x
612. ♪ ♪ 7
613. ♠ z ◄
614. ♫ ♥ ♥
615. ♪ y ♠
616. 7 ☼ ♫
617. x ♣ ♣
618. ♥ ◄ ♪
619. ☽ ♥ ♦
620. ◄ z ♥
621. ♪ ♪ ♠
622. z ♥ 7
623. z ♦ ♪
624. y ♠ ☽
625. ♣ y y
626. y ♫ ♥
627. ♠ ♣ y
628. ◄ ♪ ◄
629. ☽ ☼ ☽
630. ♪ ♦ ◄
631. ♫ ♪ ♫
632. ♥ ♪ x
633. 7 ♣ ♪
634. ◄ x ◄
635. ♥ ☽ ◄
636. ♠ ♫ ♦
637. z z ♣
638. ☽ ♪ z
639. ♣ x ☽
640. 7 y ☼
641. ♫ ♣ ◄
642. ♪ ♣ ♫
643. ♦ ♪ ☽
644. ♪ ◄ ♣
645. ◄ x ☽
646. 7 ☼ ♠
647. ☽ ☽ ☽
648. ◄ ◄ ♦
649. ♫ x ◄
650. ♥ ♥ ☼
651. ♫ ♥ ♪
652. ♠ ☼ ♦
653. ♥ ♠ y
654. x x ♥
655. ☽ 7 ♥
656. z ♦ ♦
657. ☼ ☼ ♥
658. y ☽ ♠
659. ◄ ♦ ♦
660. ♥ ♫ ♠
661. z ♦ z
662. ☽ 7 ☼
663. ☼ ♫ ◄
664. ♣ ♣ ♥
665. ♫ y 7
666. ♦ ♦ ♫
667. ♫ ◄ y
668. ◄ ◄ y
669. ☽ ♣ ☼
670. z x z
671. x ♫ ♦
672. y ♠ ☽
673. 7 ♣ ♣
674. ☽ ☼ x
675. ♥ ♥ ♠
676. ◄ z ☼
677. ♪ ◄ ♪
678. ♦ ♪ ♪
679. ♫ x ♠
680. ♣ x 7
681. ♫ ♦ ♫
682. y y ♫
683. ☼ ♫ ☽
684. y 7 ♪
685. ☼ ♠ ☼
686. ☼ z ♪
687. 7 7 ☼
688. ☼ ♥ ♪
689. ◄ ♪ ☼
690. x ◄ ♫
691. ☽ 7 ♠
692. x ☽ 7
693. x x ♫
694. y ♣ x
695. ♦ ◄ z
696. ♥ ♪ ♠
697. 7 z ♥
698. ♣ ♪ 7
699. ♦ ♪ 7
700. x y x
701. ♣ ☼ ◄
702. ♪ ♥ ◄
703. y ♫ ♫
704. ☽ ♪ ♠
705. ☼ ♥ ☽
706. ♪ ♥ ♦
707. ☽ x ♥
708. ☽ ♠ ♦
709. x ◄ 7
710. ♦ ☼ ☼
711. ♪ z ♪
712. ♥ ◄ 7
713. x ♫ z
714. y y ♫
715. ♠ ♣ ♠
716. y ♦ ♥
717. ♥ ◄ ♫
718. ◄ ♥ 7
719. ♠ ♥ ♥
720. y ♫ ♠
721. ♥ ♣ ♥
722. ♠ y ♣
723. ♠ ♦ y
724. ♦ ♥ ♪
725. y y ♠
726. ♥ ◄ ♦
727. y x ♠
728. ◄ ♪ ♦
729. ◄ ☼ ☼
730. ♫ ♪ x
731. 7 ♫ ♪
732. ♦ ♦ ♣
733. ♪ y 7
734. z ♠ ♥
735. ☽ ♦ ☽
736. ♫ z x
737. ♪ 7 ☼
738. ♠ ◄ ☼
739. ♪ x z
740. ♪ ♠ ♪
741. y ♪ ♣
742. y ◄ x
743. z ♣ ☽
744. y z ♣
745. z ♦ ♠
746. ◄ ♥ ☽
747. ♦ ♪ ♠
748. ♠ ♪ ♪
749. y ♪ ♥
750. ♥ z 7
751. ♥ z ♠
752. ☽ ♫ x
753. 7 y ☽
754. ♥ ☼ x
755. ♪ ☼ ♪
756. ♪ x ☼
757. 7 ♪ ♫
758. ♪ ◄ ♫
759. ♫ ♫ ☽
760. x ♠ ☽
761. ♫ ♪ x
762. y ☽ z
763. ♣ y ♦
764. x ◄ x
765. ♥ 7 ♫
766. ♠ x ♥
767. ♠ ♣ ♠
768. ♥ ♠ ♫
769. x ♫ ◄
770. ♥ ♫ 7
771. ♥ ♦ ♫
772. ♣ ◄ ☽
773. ♣ ♪ z
774. ♪ ♣ ♫
775. 7 ☽ ☽
776. ☽ ♫ ♫
777. y ♥ ♪
778. y ◄ ♫
779. ♣ ♠ ◄
780. 7 ♠ ☼
781. ♪ y ♣
782. 7 ♠ x
783. ☽ ♪ ♦
784. ☽ ♫ ☽
785. ♦ 7 y
786. ☽ z 7
787. ♣ x ◄
788. ♪ ♫ x
789. ◄ y x
790. x ♦ ♪
791. y y x
792. 7 ◄ ☽
793. ♪ ♫ ♣
794. ♦ z z
795. ☼ ♪ y
796. ♦ ♥ ♥
797. ♥ y ♫
798. ♪ ♠ y
799. ♥ ☽ ♠
800. ♪ y ♫
801. z y ♥
802. ♦ ♪ ♣
803. y ♠ ♣
804. ♦ ♦ ♣
805. x ♫ ♣
806. ♦ ◄ ☼
807. ♪ ♫ ♠
808. 7 ♣ ♦
809. ♫ ♦ x
810. 7 ♪ ♠
811. 7 ♫ 7
812. ♠ 7 ☼
813. ♣ ♪ 7
814. ☽ ♪ ♥
815. 7 7 x
816. ♫ y ☽
817. ◄ y ♪
818. 7 ♪ y
819. ♣ ♣ ♠
820. ♥ ♫ ♥
821. y x ♦
822. ☼ 7 ♪
823. x ♪ y
824. ◄ y ♪
825. ◄ ♠ y
826. 7 7 ♥
827. ☼ x ♣
828. z ♠ ♦
829. z ♦ ☽
830. ♠ ♫ ♥
831. y ♠ ☼
832. ♪ y ♠
833. y ♠ z
834. x ♣ ☼
835. ♣ ☽ ♦
836. ☽ ☽ 7
837. 7 ◄ ♥
838. ◄ ♣ ♪
839. ☼ z ☼
840. ♪ ♠ y
841. ☼ ☼ 7
842. ♦ ♫ ♣
843. ♫ x x
844. x ♪ y
845. y ♣ x
846. ♥ ♫ ♦
847. ♣ z ♫
848. z ☼ ♫
849. z ☽ x
850. y ♥ y
851. ☼ ☼ ◄
852. ♪ x ☽
853. ♪ ☽ ♥
854. y z ♣
855. ♫ 7 ☽
856. 7 x ♣
857. 7 ♫ ◄
858. ☽ ♦ y
859. z 7 ♣
860. z y 7
861. 7 ☼ ☼
862. ♦ ♪ ☽
863. ♠ y ☽
864. z z 7
865. ☼ ♪ ♣
866. 7 ☼ y
867. z ☽ y
868. ♦ x ♦
869. x ☽ z
870. ♣ y ♠
871. ♫ 7 ☼
872. ♦ ♥ ♦
873. y z ♫
874. 7 ☽ 7
875. 7 ♣ ☽
876. ♦ ♪ 7
877. ♦ ◄ ♠
878. 7 ♫ ♫
879. 7 ♥ ♪
880. 7 ◄ z
881. ☽ ♦ ♪
882. 7 y z
883. ◄ x ♦
884. ♦ ♪ x
885. ♠ 7 ♪
886. x ♥ 7
887. ◄ ♦ ♦
888. x ☼ y
889. ♦ ◄ ☼
890. ♣ ♠ ♠
891. ♠ ♪ ☼
892. ♫ ◄ ♣
893. 7 ♠ ☼
894. ♪ ☼ ♦
895. ♣ ♣ z
896. ◄ ♫ ♦
897. ♪ ♫ ♪
898. ♫ z ♫
899. ☽ ◄ ☽
900. ♠ ☽ ♣
901. ♣ ♣ ♠
902. ♪ ☽ ♦
903. y y ☼
904. z z ♫
905. ◄ ♥ y
906. ♠ ☼ ☽
907. x ☼ ♥
908. x ♥ 7
909. ☼ ☼ ☽
910. ☼ ♣ x
911. ♥ ◄ 7
912. ◄ ♥ ♪
913. ♪ ♫ ☽
914. x x z
915. 7 ♥ ♦
916. ☽ ♫ ♦
917. ☽ ♪ y
918. ☼ y ♪
919. z 7 ♦
920. ♣ 7 ♣
921. ♦ y x
922. 7 ♥ ♦
923. ♪ ♪ ♣
924. ♣ z ♪
925. ♣ ◄ ☽
926. ◄ ♫ ♣
927. ◄ x ♣
928. ◄ ♦ x
929. x ♫ ☼
930. y ♦ ♦
931. ☼ ☼ z
932. ☼ ♦ z
933. y ◄ ☼
934. ♦ ♦ ♦
935. z 7 x
936. ♫ 7 ♥
937. x ♫ ♥
938. ☼ 7 ♥
939. z ♫ ♦
940. ☽ z ☽
941. ♦ ♠ ☽
942. ♥ ☽ x
943. ♥ ◄ ☼
944. ♪ y ☽
945. ♦ ♥ ☽
946. ♠ z ♠
947. ♫ ♠ x
948. ♦ ♪ z
949. ♪ ♥ y
950. z ♫ y
951. ♦ y ☽
952. ◄ ♫ ♪
953. ♠ ♦ ◄
954. ☼ ♦ ♠
955. ☽ ☼ ♥
956. y ♠ ♣
957. 7 ☼ ◄
958. z ♦ ♪
959. ♣ z 7
960. ♫ x ♫
961. 7 7 7

Jackpot in 961 tries :) Well done!
